2018-09-10 20:30:43 Notice: Notice (8): Undefined index: Internship in [C:\Program Files (x86)\Ampps\www\GestionStage\GestionStage\vendor\cakephp\bake\src\View\Helper\DocBlockHelper.php, line 238]
Trace:
Cake\Error\BaseErrorHandler::handleError() - CORE\src\Error\BaseErrorHandler.php, line 159
Bake\View\Helper\DocBlockHelper::buildTableAnnotations() - ROOT\vendor\cakephp\bake\src\View\Helper\DocBlockHelper.php, line 238
Twig_Template::getAttribute() - ROOT\vendor\twig\twig\lib\Twig\Template.php, line 679
__TwigTemplate_845f4b9307a9622d90dc978ee3f9f118c67fe4b0d773d4b5e2de97b9b9423c9b::doDisplay() - ROOT\tmp\cache\twigView\d0\d093f4297a046d0163ccc6261850e328db08d36425eb175b9975f4d54fd13274.php, line 22
Twig_Template::displayWithErrorHandling() - ROOT\vendor\twig\twig\lib\Twig\Template.php, line 432
Twig_Template::display() - ROOT\vendor\twig\twig\lib\Twig\Template.php, line 403
Twig_Template::render() - ROOT\vendor\twig\twig\lib\Twig\Template.php, line 411
WyriHaximus\TwigView\View\TwigView::_render() - ROOT\vendor\wyrihaximus\twig-view\src\View\TwigView.php, line 180
Bake\View\BakeView::render() - ROOT\vendor\cakephp\bake\src\View\BakeView.php, line 146
Bake\Shell\Task\BakeTemplateTask::generate() - ROOT\vendor\cakephp\bake\src\Shell\Task\BakeTemplateTask.php, line 91
Bake\Shell\Task\ModelTask::bakeTable() - ROOT\vendor\cakephp\bake\src\Shell\Task\ModelTask.php, line 971
Bake\Shell\Task\ModelTask::bake() - ROOT\vendor\cakephp\bake\src\Shell\Task\ModelTask.php, line 115
Bake\Shell\Task\ModelTask::main() - ROOT\vendor\cakephp\bake\src\Shell\Task\ModelTask.php, line 101
Bake\Shell\Task\ModelTask::all() - ROOT\vendor\cakephp\bake\src\Shell\Task\ModelTask.php, line 171
Cake\Console\Shell::runCommand() - CORE\src\Console\Shell.php, line 518
Cake\Console\Shell::runCommand() - CORE\src\Console\Shell.php, line 525
Cake\Console\CommandRunner::runShell() - CORE\src\Console\CommandRunner.php, line 342
Cake\Console\CommandRunner::run() - CORE\src\Console\CommandRunner.php, line 164
[main] - ROOT\bin\cake.php, line 12



2018-09-10 20:30:57 Notice: Notice (8): Undefined index: Companies in [C:\Program Files (x86)\Ampps\www\GestionStage\GestionStage\vendor\cakephp\bake\src\View\Helper\DocBlockHelper.php, line 238]
Trace:
Cake\Error\BaseErrorHandler::handleError() - CORE\src\Error\BaseErrorHandler.php, line 159
Bake\View\Helper\DocBlockHelper::buildTableAnnotations() - ROOT\vendor\cakephp\bake\src\View\Helper\DocBlockHelper.php, line 238
Twig_Template::getAttribute() - ROOT\vendor\twig\twig\lib\Twig\Template.php, line 679
__TwigTemplate_845f4b9307a9622d90dc978ee3f9f118c67fe4b0d773d4b5e2de97b9b9423c9b::doDisplay() - ROOT\tmp\cache\twigView\d0\d093f4297a046d0163ccc6261850e328db08d36425eb175b9975f4d54fd13274.php, line 22
Twig_Template::displayWithErrorHandling() - ROOT\vendor\twig\twig\lib\Twig\Template.php, line 432
Twig_Template::display() - ROOT\vendor\twig\twig\lib\Twig\Template.php, line 403
Twig_Template::render() - ROOT\vendor\twig\twig\lib\Twig\Template.php, line 411
WyriHaximus\TwigView\View\TwigView::_render() - ROOT\vendor\wyrihaximus\twig-view\src\View\TwigView.php, line 180
Bake\View\BakeView::render() - ROOT\vendor\cakephp\bake\src\View\BakeView.php, line 146
Bake\Shell\Task\BakeTemplateTask::generate() - ROOT\vendor\cakephp\bake\src\Shell\Task\BakeTemplateTask.php, line 91
Bake\Shell\Task\ModelTask::bakeTable() - ROOT\vendor\cakephp\bake\src\Shell\Task\ModelTask.php, line 971
Bake\Shell\Task\ModelTask::bake() - ROOT\vendor\cakephp\bake\src\Shell\Task\ModelTask.php, line 115
Bake\Shell\Task\ModelTask::main() - ROOT\vendor\cakephp\bake\src\Shell\Task\ModelTask.php, line 101
Bake\Shell\Task\ModelTask::all() - ROOT\vendor\cakephp\bake\src\Shell\Task\ModelTask.php, line 171
Cake\Console\Shell::runCommand() - CORE\src\Console\Shell.php, line 518
Cake\Console\Shell::runCommand() - CORE\src\Console\Shell.php, line 525
Cake\Console\CommandRunner::runShell() - CORE\src\Console\CommandRunner.php, line 342
Cake\Console\CommandRunner::run() - CORE\src\Console\CommandRunner.php, line 164
[main] - ROOT\bin\cake.php, line 12



2018-09-10 20:30:57 Notice: Notice (8): Undefined index: Student in [C:\Program Files (x86)\Ampps\www\GestionStage\GestionStage\vendor\cakephp\bake\src\View\Helper\DocBlockHelper.php, line 238]
Trace:
Cake\Error\BaseErrorHandler::handleError() - CORE\src\Error\BaseErrorHandler.php, line 159
Bake\View\Helper\DocBlockHelper::buildTableAnnotations() - ROOT\vendor\cakephp\bake\src\View\Helper\DocBlockHelper.php, line 238
Twig_Template::getAttribute() - ROOT\vendor\twig\twig\lib\Twig\Template.php, line 679
__TwigTemplate_845f4b9307a9622d90dc978ee3f9f118c67fe4b0d773d4b5e2de97b9b9423c9b::doDisplay() - ROOT\tmp\cache\twigView\d0\d093f4297a046d0163ccc6261850e328db08d36425eb175b9975f4d54fd13274.php, line 22
Twig_Template::displayWithErrorHandling() - ROOT\vendor\twig\twig\lib\Twig\Template.php, line 432
Twig_Template::display() - ROOT\vendor\twig\twig\lib\Twig\Template.php, line 403
Twig_Template::render() - ROOT\vendor\twig\twig\lib\Twig\Template.php, line 411
WyriHaximus\TwigView\View\TwigView::_render() - ROOT\vendor\wyrihaximus\twig-view\src\View\TwigView.php, line 180
Bake\View\BakeView::render() - ROOT\vendor\cakephp\bake\src\View\BakeView.php, line 146
Bake\Shell\Task\BakeTemplateTask::generate() - ROOT\vendor\cakephp\bake\src\Shell\Task\BakeTemplateTask.php, line 91
Bake\Shell\Task\ModelTask::bakeTable() - ROOT\vendor\cakephp\bake\src\Shell\Task\ModelTask.php, line 971
Bake\Shell\Task\ModelTask::bake() - ROOT\vendor\cakephp\bake\src\Shell\Task\ModelTask.php, line 115
Bake\Shell\Task\ModelTask::main() - ROOT\vendor\cakephp\bake\src\Shell\Task\ModelTask.php, line 101
Bake\Shell\Task\ModelTask::all() - ROOT\vendor\cakephp\bake\src\Shell\Task\ModelTask.php, line 171
Cake\Console\Shell::runCommand() - CORE\src\Console\Shell.php, line 518
Cake\Console\Shell::runCommand() - CORE\src\Console\Shell.php, line 525
Cake\Console\CommandRunner::runShell() - CORE\src\Console\CommandRunner.php, line 342
Cake\Console\CommandRunner::run() - CORE\src\Console\CommandRunner.php, line 164
[main] - ROOT\bin\cake.php, line 12



2018-09-10 20:30:58 Notice: Notice (8): Undefined index: Internships in [C:\Program Files (x86)\Ampps\www\GestionStage\GestionStage\vendor\cakephp\bake\src\View\Helper\DocBlockHelper.php, line 238]
Trace:
Cake\Error\BaseErrorHandler::handleError() - CORE\src\Error\BaseErrorHandler.php, line 159
Bake\View\Helper\DocBlockHelper::buildTableAnnotations() - ROOT\vendor\cakephp\bake\src\View\Helper\DocBlockHelper.php, line 238
Twig_Template::getAttribute() - ROOT\vendor\twig\twig\lib\Twig\Template.php, line 679
__TwigTemplate_845f4b9307a9622d90dc978ee3f9f118c67fe4b0d773d4b5e2de97b9b9423c9b::doDisplay() - ROOT\tmp\cache\twigView\d0\d093f4297a046d0163ccc6261850e328db08d36425eb175b9975f4d54fd13274.php, line 22
Twig_Template::displayWithErrorHandling() - ROOT\vendor\twig\twig\lib\Twig\Template.php, line 432
Twig_Template::display() - ROOT\vendor\twig\twig\lib\Twig\Template.php, line 403
Twig_Template::render() - ROOT\vendor\twig\twig\lib\Twig\Template.php, line 411
WyriHaximus\TwigView\View\TwigView::_render() - ROOT\vendor\wyrihaximus\twig-view\src\View\TwigView.php, line 180
Bake\View\BakeView::render() - ROOT\vendor\cakephp\bake\src\View\BakeView.php, line 146
Bake\Shell\Task\BakeTemplateTask::generate() - ROOT\vendor\cakephp\bake\src\Shell\Task\BakeTemplateTask.php, line 91
Bake\Shell\Task\ModelTask::bakeTable() - ROOT\vendor\cakephp\bake\src\Shell\Task\ModelTask.php, line 971
Bake\Shell\Task\ModelTask::bake() - ROOT\vendor\cakephp\bake\src\Shell\Task\ModelTask.php, line 115
Bake\Shell\Task\ModelTask::main() - ROOT\vendor\cakephp\bake\src\Shell\Task\ModelTask.php, line 101
Bake\Shell\Task\ModelTask::all() - ROOT\vendor\cakephp\bake\src\Shell\Task\ModelTask.php, line 171
Cake\Console\Shell::runCommand() - CORE\src\Console\Shell.php, line 518
Cake\Console\Shell::runCommand() - CORE\src\Console\Shell.php, line 525
Cake\Console\CommandRunner::runShell() - CORE\src\Console\CommandRunner.php, line 342
Cake\Console\CommandRunner::run() - CORE\src\Console\CommandRunner.php, line 164
[main] - ROOT\bin\cake.php, line 12



2018-09-10 20:32:30 Notice: Notice (8): Undefined index: Company in [C:\Program Files (x86)\Ampps\www\GestionStage\GestionStage\vendor\cakephp\bake\src\View\Helper\DocBlockHelper.php, line 238]
Trace:
Cake\Error\BaseErrorHandler::handleError() - CORE\src\Error\BaseErrorHandler.php, line 159
Bake\View\Helper\DocBlockHelper::buildTableAnnotations() - ROOT\vendor\cakephp\bake\src\View\Helper\DocBlockHelper.php, line 238
Twig_Template::getAttribute() - ROOT\vendor\twig\twig\lib\Twig\Template.php, line 679
__TwigTemplate_845f4b9307a9622d90dc978ee3f9f118c67fe4b0d773d4b5e2de97b9b9423c9b::doDisplay() - ROOT\tmp\cache\twigView\d0\d093f4297a046d0163ccc6261850e328db08d36425eb175b9975f4d54fd13274.php, line 22
Twig_Template::displayWithErrorHandling() - ROOT\vendor\twig\twig\lib\Twig\Template.php, line 432
Twig_Template::display() - ROOT\vendor\twig\twig\lib\Twig\Template.php, line 403
Twig_Template::render() - ROOT\vendor\twig\twig\lib\Twig\Template.php, line 411
WyriHaximus\TwigView\View\TwigView::_render() - ROOT\vendor\wyrihaximus\twig-view\src\View\TwigView.php, line 180
Bake\View\BakeView::render() - ROOT\vendor\cakephp\bake\src\View\BakeView.php, line 146
Bake\Shell\Task\BakeTemplateTask::generate() - ROOT\vendor\cakephp\bake\src\Shell\Task\BakeTemplateTask.php, line 91
Bake\Shell\Task\ModelTask::bakeTable() - ROOT\vendor\cakephp\bake\src\Shell\Task\ModelTask.php, line 971
Bake\Shell\Task\ModelTask::bake() - ROOT\vendor\cakephp\bake\src\Shell\Task\ModelTask.php, line 115
Bake\Shell\Task\ModelTask::main() - ROOT\vendor\cakephp\bake\src\Shell\Task\ModelTask.php, line 101
Bake\Shell\Task\ModelTask::all() - ROOT\vendor\cakephp\bake\src\Shell\Task\ModelTask.php, line 171
Cake\Console\Shell::runCommand() - CORE\src\Console\Shell.php, line 518
Cake\Console\Shell::runCommand() - CORE\src\Console\Shell.php, line 525
Cake\Console\CommandRunner::runShell() - CORE\src\Console\CommandRunner.php, line 342
Cake\Console\CommandRunner::run() - CORE\src\Console\CommandRunner.php, line 164
[main] - ROOT\bin\cake.php, line 12



2018-09-10 20:32:31 Notice: Notice (8): Undefined index: Internship in [C:\Program Files (x86)\Ampps\www\GestionStage\GestionStage\vendor\cakephp\bake\src\View\Helper\DocBlockHelper.php, line 238]
Trace:
Cake\Error\BaseErrorHandler::handleError() - CORE\src\Error\BaseErrorHandler.php, line 159
Bake\View\Helper\DocBlockHelper::buildTableAnnotations() - ROOT\vendor\cakephp\bake\src\View\Helper\DocBlockHelper.php, line 238
Twig_Template::getAttribute() - ROOT\vendor\twig\twig\lib\Twig\Template.php, line 679
__TwigTemplate_845f4b9307a9622d90dc978ee3f9f118c67fe4b0d773d4b5e2de97b9b9423c9b::doDisplay() - ROOT\tmp\cache\twigView\d0\d093f4297a046d0163ccc6261850e328db08d36425eb175b9975f4d54fd13274.php, line 22
Twig_Template::displayWithErrorHandling() - ROOT\vendor\twig\twig\lib\Twig\Template.php, line 432
Twig_Template::display() - ROOT\vendor\twig\twig\lib\Twig\Template.php, line 403
Twig_Template::render() - ROOT\vendor\twig\twig\lib\Twig\Template.php, line 411
WyriHaximus\TwigView\View\TwigView::_render() - ROOT\vendor\wyrihaximus\twig-view\src\View\TwigView.php, line 180
Bake\View\BakeView::render() - ROOT\vendor\cakephp\bake\src\View\BakeView.php, line 146
Bake\Shell\Task\BakeTemplateTask::generate() - ROOT\vendor\cakephp\bake\src\Shell\Task\BakeTemplateTask.php, line 91
Bake\Shell\Task\ModelTask::bakeTable() - ROOT\vendor\cakephp\bake\src\Shell\Task\ModelTask.php, line 971
Bake\Shell\Task\ModelTask::bake() - ROOT\vendor\cakephp\bake\src\Shell\Task\ModelTask.php, line 115
Bake\Shell\Task\ModelTask::main() - ROOT\vendor\cakephp\bake\src\Shell\Task\ModelTask.php, line 101
Bake\Shell\Task\ModelTask::all() - ROOT\vendor\cakephp\bake\src\Shell\Task\ModelTask.php, line 171
Cake\Console\Shell::runCommand() - CORE\src\Console\Shell.php, line 518
Cake\Console\Shell::runCommand() - CORE\src\Console\Shell.php, line 525
Cake\Console\CommandRunner::runShell() - CORE\src\Console\CommandRunner.php, line 342
Cake\Console\CommandRunner::run() - CORE\src\Console\CommandRunner.php, line 164
[main] - ROOT\bin\cake.php, line 12



2018-09-17 20:26:32 Notice: Notice (8): Undefined index: Types in [C:\Program Files (x86)\Ampps\www\GestionStage\GestionStage\vendor\cakephp\bake\src\View\Helper\DocBlockHelper.php, line 238]
Trace:
Cake\Error\BaseErrorHandler::handleError() - CORE\src\Error\BaseErrorHandler.php, line 159
Bake\View\Helper\DocBlockHelper::buildTableAnnotations() - ROOT\vendor\cakephp\bake\src\View\Helper\DocBlockHelper.php, line 238
Twig_Template::getAttribute() - ROOT\vendor\twig\twig\lib\Twig\Template.php, line 679
__TwigTemplate_845f4b9307a9622d90dc978ee3f9f118c67fe4b0d773d4b5e2de97b9b9423c9b::doDisplay() - ROOT\tmp\cache\twigView\d0\d093f4297a046d0163ccc6261850e328db08d36425eb175b9975f4d54fd13274.php, line 22
Twig_Template::displayWithErrorHandling() - ROOT\vendor\twig\twig\lib\Twig\Template.php, line 432
Twig_Template::display() - ROOT\vendor\twig\twig\lib\Twig\Template.php, line 403
Twig_Template::render() - ROOT\vendor\twig\twig\lib\Twig\Template.php, line 411
WyriHaximus\TwigView\View\TwigView::_render() - ROOT\vendor\wyrihaximus\twig-view\src\View\TwigView.php, line 180
Bake\View\BakeView::render() - ROOT\vendor\cakephp\bake\src\View\BakeView.php, line 146
Bake\Shell\Task\BakeTemplateTask::generate() - ROOT\vendor\cakephp\bake\src\Shell\Task\BakeTemplateTask.php, line 91
Bake\Shell\Task\ModelTask::bakeTable() - ROOT\vendor\cakephp\bake\src\Shell\Task\ModelTask.php, line 971
Bake\Shell\Task\ModelTask::bake() - ROOT\vendor\cakephp\bake\src\Shell\Task\ModelTask.php, line 115
Bake\Shell\Task\ModelTask::main() - ROOT\vendor\cakephp\bake\src\Shell\Task\ModelTask.php, line 101
Bake\Shell\BakeShell::Bake\Shell\{closure}() - ROOT\vendor\cakephp\bake\src\Shell\BakeShell.php, line 273
Cake\Collection\Collection::each() - CORE\src\Collection\CollectionTrait.php, line 51
Bake\Shell\BakeShell::all() - ROOT\vendor\cakephp\bake\src\Shell\BakeShell.php, line 274
Cake\Console\Shell::runCommand() - CORE\src\Console\Shell.php, line 518
Cake\Console\CommandRunner::runShell() - CORE\src\Console\CommandRunner.php, line 342
Cake\Console\CommandRunner::run() - CORE\src\Console\CommandRunner.php, line 164
[main] - ROOT\bin\cake.php, line 12



2018-09-17 20:26:32 Notice: Notice (8): Undefined index: Customerbases in [C:\Program Files (x86)\Ampps\www\GestionStage\GestionStage\vendor\cakephp\bake\src\View\Helper\DocBlockHelper.php, line 238]
Trace:
Cake\Error\BaseErrorHandler::handleError() - CORE\src\Error\BaseErrorHandler.php, line 159
Bake\View\Helper\DocBlockHelper::buildTableAnnotations() - ROOT\vendor\cakephp\bake\src\View\Helper\DocBlockHelper.php, line 238
Twig_Template::getAttribute() - ROOT\vendor\twig\twig\lib\Twig\Template.php, line 679
__TwigTemplate_845f4b9307a9622d90dc978ee3f9f118c67fe4b0d773d4b5e2de97b9b9423c9b::doDisplay() - ROOT\tmp\cache\twigView\d0\d093f4297a046d0163ccc6261850e328db08d36425eb175b9975f4d54fd13274.php, line 22
Twig_Template::displayWithErrorHandling() - ROOT\vendor\twig\twig\lib\Twig\Template.php, line 432
Twig_Template::display() - ROOT\vendor\twig\twig\lib\Twig\Template.php, line 403
Twig_Template::render() - ROOT\vendor\twig\twig\lib\Twig\Template.php, line 411
WyriHaximus\TwigView\View\TwigView::_render() - ROOT\vendor\wyrihaximus\twig-view\src\View\TwigView.php, line 180
Bake\View\BakeView::render() - ROOT\vendor\cakephp\bake\src\View\BakeView.php, line 146
Bake\Shell\Task\BakeTemplateTask::generate() - ROOT\vendor\cakephp\bake\src\Shell\Task\BakeTemplateTask.php, line 91
Bake\Shell\Task\ModelTask::bakeTable() - ROOT\vendor\cakephp\bake\src\Shell\Task\ModelTask.php, line 971
Bake\Shell\Task\ModelTask::bake() - ROOT\vendor\cakephp\bake\src\Shell\Task\ModelTask.php, line 115
Bake\Shell\Task\ModelTask::main() - ROOT\vendor\cakephp\bake\src\Shell\Task\ModelTask.php, line 101
Bake\Shell\BakeShell::Bake\Shell\{closure}() - ROOT\vendor\cakephp\bake\src\Shell\BakeShell.php, line 273
Cake\Collection\Collection::each() - CORE\src\Collection\CollectionTrait.php, line 51
Bake\Shell\BakeShell::all() - ROOT\vendor\cakephp\bake\src\Shell\BakeShell.php, line 274
Cake\Console\Shell::runCommand() - CORE\src\Console\Shell.php, line 518
Cake\Console\CommandRunner::runShell() - CORE\src\Console\CommandRunner.php, line 342
Cake\Console\CommandRunner::run() - CORE\src\Console\CommandRunner.php, line 164
[main] - ROOT\bin\cake.php, line 12



2018-09-17 20:26:32 Notice: Notice (8): Undefined index: Environments in [C:\Program Files (x86)\Ampps\www\GestionStage\GestionStage\vendor\cakephp\bake\src\View\Helper\DocBlockHelper.php, line 238]
Trace:
Cake\Error\BaseErrorHandler::handleError() - CORE\src\Error\BaseErrorHandler.php, line 159
Bake\View\Helper\DocBlockHelper::buildTableAnnotations() - ROOT\vendor\cakephp\bake\src\View\Helper\DocBlockHelper.php, line 238
Twig_Template::getAttribute() - ROOT\vendor\twig\twig\lib\Twig\Template.php, line 679
__TwigTemplate_845f4b9307a9622d90dc978ee3f9f118c67fe4b0d773d4b5e2de97b9b9423c9b::doDisplay() - ROOT\tmp\cache\twigView\d0\d093f4297a046d0163ccc6261850e328db08d36425eb175b9975f4d54fd13274.php, line 22
Twig_Template::displayWithErrorHandling() - ROOT\vendor\twig\twig\lib\Twig\Template.php, line 432
Twig_Template::display() - ROOT\vendor\twig\twig\lib\Twig\Template.php, line 403
Twig_Template::render() - ROOT\vendor\twig\twig\lib\Twig\Template.php, line 411
WyriHaximus\TwigView\View\TwigView::_render() - ROOT\vendor\wyrihaximus\twig-view\src\View\TwigView.php, line 180
Bake\View\BakeView::render() - ROOT\vendor\cakephp\bake\src\View\BakeView.php, line 146
Bake\Shell\Task\BakeTemplateTask::generate() - ROOT\vendor\cakephp\bake\src\Shell\Task\BakeTemplateTask.php, line 91
Bake\Shell\Task\ModelTask::bakeTable() - ROOT\vendor\cakephp\bake\src\Shell\Task\ModelTask.php, line 971
Bake\Shell\Task\ModelTask::bake() - ROOT\vendor\cakephp\bake\src\Shell\Task\ModelTask.php, line 115
Bake\Shell\Task\ModelTask::main() - ROOT\vendor\cakephp\bake\src\Shell\Task\ModelTask.php, line 101
Bake\Shell\BakeShell::Bake\Shell\{closure}() - ROOT\vendor\cakephp\bake\src\Shell\BakeShell.php, line 273
Cake\Collection\Collection::each() - CORE\src\Collection\CollectionTrait.php, line 51
Bake\Shell\BakeShell::all() - ROOT\vendor\cakephp\bake\src\Shell\BakeShell.php, line 274
Cake\Console\Shell::runCommand() - CORE\src\Console\Shell.php, line 518
Cake\Console\CommandRunner::runShell() - CORE\src\Console\CommandRunner.php, line 342
Cake\Console\CommandRunner::run() - CORE\src\Console\CommandRunner.php, line 164
[main] - ROOT\bin\cake.php, line 12



2018-09-17 20:39:44 Notice: Notice (8): Undefined index: Type in [C:\Program Files (x86)\Ampps\www\GestionStage\GestionStage\vendor\cakephp\bake\src\View\Helper\DocBlockHelper.php, line 238]
Trace:
Cake\Error\BaseErrorHandler::handleError() - CORE\src\Error\BaseErrorHandler.php, line 159
Bake\View\Helper\DocBlockHelper::buildTableAnnotations() - ROOT\vendor\cakephp\bake\src\View\Helper\DocBlockHelper.php, line 238
Twig_Template::getAttribute() - ROOT\vendor\twig\twig\lib\Twig\Template.php, line 679
__TwigTemplate_845f4b9307a9622d90dc978ee3f9f118c67fe4b0d773d4b5e2de97b9b9423c9b::doDisplay() - ROOT\tmp\cache\twigView\d0\d093f4297a046d0163ccc6261850e328db08d36425eb175b9975f4d54fd13274.php, line 22
Twig_Template::displayWithErrorHandling() - ROOT\vendor\twig\twig\lib\Twig\Template.php, line 432
Twig_Template::display() - ROOT\vendor\twig\twig\lib\Twig\Template.php, line 403
Twig_Template::render() - ROOT\vendor\twig\twig\lib\Twig\Template.php, line 411
WyriHaximus\TwigView\View\TwigView::_render() - ROOT\vendor\wyrihaximus\twig-view\src\View\TwigView.php, line 180
Bake\View\BakeView::render() - ROOT\vendor\cakephp\bake\src\View\BakeView.php, line 146
Bake\Shell\Task\BakeTemplateTask::generate() - ROOT\vendor\cakephp\bake\src\Shell\Task\BakeTemplateTask.php, line 91
Bake\Shell\Task\ModelTask::bakeTable() - ROOT\vendor\cakephp\bake\src\Shell\Task\ModelTask.php, line 971
Bake\Shell\Task\ModelTask::bake() - ROOT\vendor\cakephp\bake\src\Shell\Task\ModelTask.php, line 115
Bake\Shell\Task\ModelTask::main() - ROOT\vendor\cakephp\bake\src\Shell\Task\ModelTask.php, line 101
Bake\Shell\BakeShell::Bake\Shell\{closure}() - ROOT\vendor\cakephp\bake\src\Shell\BakeShell.php, line 273
Cake\Collection\Collection::each() - CORE\src\Collection\CollectionTrait.php, line 51
Bake\Shell\BakeShell::all() - ROOT\vendor\cakephp\bake\src\Shell\BakeShell.php, line 274
Cake\Console\Shell::runCommand() - CORE\src\Console\Shell.php, line 518
Cake\Console\CommandRunner::runShell() - CORE\src\Console\CommandRunner.php, line 342
Cake\Console\CommandRunner::run() - CORE\src\Console\CommandRunner.php, line 164
[main] - ROOT\bin\cake.php, line 12



2018-09-17 20:39:44 Notice: Notice (8): Undefined index: Customerbase in [C:\Program Files (x86)\Ampps\www\GestionStage\GestionStage\vendor\cakephp\bake\src\View\Helper\DocBlockHelper.php, line 238]
Trace:
Cake\Error\BaseErrorHandler::handleError() - CORE\src\Error\BaseErrorHandler.php, line 159
Bake\View\Helper\DocBlockHelper::buildTableAnnotations() - ROOT\vendor\cakephp\bake\src\View\Helper\DocBlockHelper.php, line 238
Twig_Template::getAttribute() - ROOT\vendor\twig\twig\lib\Twig\Template.php, line 679
__TwigTemplate_845f4b9307a9622d90dc978ee3f9f118c67fe4b0d773d4b5e2de97b9b9423c9b::doDisplay() - ROOT\tmp\cache\twigView\d0\d093f4297a046d0163ccc6261850e328db08d36425eb175b9975f4d54fd13274.php, line 22
Twig_Template::displayWithErrorHandling() - ROOT\vendor\twig\twig\lib\Twig\Template.php, line 432
Twig_Template::display() - ROOT\vendor\twig\twig\lib\Twig\Template.php, line 403
Twig_Template::render() - ROOT\vendor\twig\twig\lib\Twig\Template.php, line 411
WyriHaximus\TwigView\View\TwigView::_render() - ROOT\vendor\wyrihaximus\twig-view\src\View\TwigView.php, line 180
Bake\View\BakeView::render() - ROOT\vendor\cakephp\bake\src\View\BakeView.php, line 146
Bake\Shell\Task\BakeTemplateTask::generate() - ROOT\vendor\cakephp\bake\src\Shell\Task\BakeTemplateTask.php, line 91
Bake\Shell\Task\ModelTask::bakeTable() - ROOT\vendor\cakephp\bake\src\Shell\Task\ModelTask.php, line 971
Bake\Shell\Task\ModelTask::bake() - ROOT\vendor\cakephp\bake\src\Shell\Task\ModelTask.php, line 115
Bake\Shell\Task\ModelTask::main() - ROOT\vendor\cakephp\bake\src\Shell\Task\ModelTask.php, line 101
Bake\Shell\BakeShell::Bake\Shell\{closure}() - ROOT\vendor\cakephp\bake\src\Shell\BakeShell.php, line 273
Cake\Collection\Collection::each() - CORE\src\Collection\CollectionTrait.php, line 51
Bake\Shell\BakeShell::all() - ROOT\vendor\cakephp\bake\src\Shell\BakeShell.php, line 274
Cake\Console\Shell::runCommand() - CORE\src\Console\Shell.php, line 518
Cake\Console\CommandRunner::runShell() - CORE\src\Console\CommandRunner.php, line 342
Cake\Console\CommandRunner::run() - CORE\src\Console\CommandRunner.php, line 164
[main] - ROOT\bin\cake.php, line 12



2018-09-17 20:39:44 Notice: Notice (8): Undefined index: Environment in [C:\Program Files (x86)\Ampps\www\GestionStage\GestionStage\vendor\cakephp\bake\src\View\Helper\DocBlockHelper.php, line 238]
Trace:
Cake\Error\BaseErrorHandler::handleError() - CORE\src\Error\BaseErrorHandler.php, line 159
Bake\View\Helper\DocBlockHelper::buildTableAnnotations() - ROOT\vendor\cakephp\bake\src\View\Helper\DocBlockHelper.php, line 238
Twig_Template::getAttribute() - ROOT\vendor\twig\twig\lib\Twig\Template.php, line 679
__TwigTemplate_845f4b9307a9622d90dc978ee3f9f118c67fe4b0d773d4b5e2de97b9b9423c9b::doDisplay() - ROOT\tmp\cache\twigView\d0\d093f4297a046d0163ccc6261850e328db08d36425eb175b9975f4d54fd13274.php, line 22
Twig_Template::displayWithErrorHandling() - ROOT\vendor\twig\twig\lib\Twig\Template.php, line 432
Twig_Template::display() - ROOT\vendor\twig\twig\lib\Twig\Template.php, line 403
Twig_Template::render() - ROOT\vendor\twig\twig\lib\Twig\Template.php, line 411
WyriHaximus\TwigView\View\TwigView::_render() - ROOT\vendor\wyrihaximus\twig-view\src\View\TwigView.php, line 180
Bake\View\BakeView::render() - ROOT\vendor\cakephp\bake\src\View\BakeView.php, line 146
Bake\Shell\Task\BakeTemplateTask::generate() - ROOT\vendor\cakephp\bake\src\Shell\Task\BakeTemplateTask.php, line 91
Bake\Shell\Task\ModelTask::bakeTable() - ROOT\vendor\cakephp\bake\src\Shell\Task\ModelTask.php, line 971
Bake\Shell\Task\ModelTask::bake() - ROOT\vendor\cakephp\bake\src\Shell\Task\ModelTask.php, line 115
Bake\Shell\Task\ModelTask::main() - ROOT\vendor\cakephp\bake\src\Shell\Task\ModelTask.php, line 101
Bake\Shell\BakeShell::Bake\Shell\{closure}() - ROOT\vendor\cakephp\bake\src\Shell\BakeShell.php, line 273
Cake\Collection\Collection::each() - CORE\src\Collection\CollectionTrait.php, line 51
Bake\Shell\BakeShell::all() - ROOT\vendor\cakephp\bake\src\Shell\BakeShell.php, line 274
Cake\Console\Shell::runCommand() - CORE\src\Console\Shell.php, line 518
Cake\Console\CommandRunner::runShell() - CORE\src\Console\CommandRunner.php, line 342
Cake\Console\CommandRunner::run() - CORE\src\Console\CommandRunner.php, line 164
[main] - ROOT\bin\cake.php, line 12



2018-09-24 17:50:06 Notice: Notice (8): Undefined index: Users in [C:\Program Files (x86)\Ampps\www\GestionStage\GestionStage\vendor\cakephp\bake\src\View\Helper\DocBlockHelper.php, line 238]
Trace:
Cake\Error\BaseErrorHandler::handleError() - CORE\src\Error\BaseErrorHandler.php, line 159
Bake\View\Helper\DocBlockHelper::buildTableAnnotations() - ROOT\vendor\cakephp\bake\src\View\Helper\DocBlockHelper.php, line 238
Twig_Template::getAttribute() - ROOT\vendor\twig\twig\lib\Twig\Template.php, line 679
__TwigTemplate_845f4b9307a9622d90dc978ee3f9f118c67fe4b0d773d4b5e2de97b9b9423c9b::doDisplay() - ROOT\tmp\cache\twigView\d0\d093f4297a046d0163ccc6261850e328db08d36425eb175b9975f4d54fd13274.php, line 22
Twig_Template::displayWithErrorHandling() - ROOT\vendor\twig\twig\lib\Twig\Template.php, line 432
Twig_Template::display() - ROOT\vendor\twig\twig\lib\Twig\Template.php, line 403
Twig_Template::render() - ROOT\vendor\twig\twig\lib\Twig\Template.php, line 411
WyriHaximus\TwigView\View\TwigView::_render() - ROOT\vendor\wyrihaximus\twig-view\src\View\TwigView.php, line 180
Bake\View\BakeView::render() - ROOT\vendor\cakephp\bake\src\View\BakeView.php, line 146
Bake\Shell\Task\BakeTemplateTask::generate() - ROOT\vendor\cakephp\bake\src\Shell\Task\BakeTemplateTask.php, line 91
Bake\Shell\Task\ModelTask::bakeTable() - ROOT\vendor\cakephp\bake\src\Shell\Task\ModelTask.php, line 971
Bake\Shell\Task\ModelTask::bake() - ROOT\vendor\cakephp\bake\src\Shell\Task\ModelTask.php, line 115
Bake\Shell\Task\ModelTask::main() - ROOT\vendor\cakephp\bake\src\Shell\Task\ModelTask.php, line 101
Bake\Shell\BakeShell::Bake\Shell\{closure}() - ROOT\vendor\cakephp\bake\src\Shell\BakeShell.php, line 273
Cake\Collection\Collection::each() - CORE\src\Collection\CollectionTrait.php, line 51
Bake\Shell\BakeShell::all() - ROOT\vendor\cakephp\bake\src\Shell\BakeShell.php, line 274
Cake\Console\Shell::runCommand() - CORE\src\Console\Shell.php, line 518
Cake\Console\CommandRunner::runShell() - CORE\src\Console\CommandRunner.php, line 342
Cake\Console\CommandRunner::run() - CORE\src\Console\CommandRunner.php, line 164
[main] - ROOT\bin\cake.php, line 12



2018-09-24 17:53:52 Notice: Notice (8): Undefined index: Users in [C:\Program Files (x86)\Ampps\www\GestionStage\GestionStage\vendor\cakephp\bake\src\View\Helper\DocBlockHelper.php, line 238]
Trace:
Cake\Error\BaseErrorHandler::handleError() - CORE\src\Error\BaseErrorHandler.php, line 159
Bake\View\Helper\DocBlockHelper::buildTableAnnotations() - ROOT\vendor\cakephp\bake\src\View\Helper\DocBlockHelper.php, line 238
Twig_Template::getAttribute() - ROOT\vendor\twig\twig\lib\Twig\Template.php, line 679
__TwigTemplate_845f4b9307a9622d90dc978ee3f9f118c67fe4b0d773d4b5e2de97b9b9423c9b::doDisplay() - ROOT\tmp\cache\twigView\d0\d093f4297a046d0163ccc6261850e328db08d36425eb175b9975f4d54fd13274.php, line 22
Twig_Template::displayWithErrorHandling() - ROOT\vendor\twig\twig\lib\Twig\Template.php, line 432
Twig_Template::display() - ROOT\vendor\twig\twig\lib\Twig\Template.php, line 403
Twig_Template::render() - ROOT\vendor\twig\twig\lib\Twig\Template.php, line 411
WyriHaximus\TwigView\View\TwigView::_render() - ROOT\vendor\wyrihaximus\twig-view\src\View\TwigView.php, line 180
Bake\View\BakeView::render() - ROOT\vendor\cakephp\bake\src\View\BakeView.php, line 146
Bake\Shell\Task\BakeTemplateTask::generate() - ROOT\vendor\cakephp\bake\src\Shell\Task\BakeTemplateTask.php, line 91
Bake\Shell\Task\ModelTask::bakeTable() - ROOT\vendor\cakephp\bake\src\Shell\Task\ModelTask.php, line 971
Bake\Shell\Task\ModelTask::bake() - ROOT\vendor\cakephp\bake\src\Shell\Task\ModelTask.php, line 115
Bake\Shell\Task\ModelTask::main() - ROOT\vendor\cakephp\bake\src\Shell\Task\ModelTask.php, line 101
Bake\Shell\BakeShell::Bake\Shell\{closure}() - ROOT\vendor\cakephp\bake\src\Shell\BakeShell.php, line 273
Cake\Collection\Collection::each() - CORE\src\Collection\CollectionTrait.php, line 51
Bake\Shell\BakeShell::all() - ROOT\vendor\cakephp\bake\src\Shell\BakeShell.php, line 274
Cake\Console\Shell::runCommand() - CORE\src\Console\Shell.php, line 518
Cake\Console\CommandRunner::runShell() - CORE\src\Console\CommandRunner.php, line 342
Cake\Console\CommandRunner::run() - CORE\src\Console\CommandRunner.php, line 164
[main] - ROOT\bin\cake.php, line 12



2018-09-24 17:54:18 Notice: Notice (8): Undefined index: Types in [C:\Program Files (x86)\Ampps\www\GestionStage\GestionStage\vendor\cakephp\bake\src\View\Helper\DocBlockHelper.php, line 238]
Trace:
Cake\Error\BaseErrorHandler::handleError() - CORE\src\Error\BaseErrorHandler.php, line 159
Bake\View\Helper\DocBlockHelper::buildTableAnnotations() - ROOT\vendor\cakephp\bake\src\View\Helper\DocBlockHelper.php, line 238
Twig_Template::getAttribute() - ROOT\vendor\twig\twig\lib\Twig\Template.php, line 679
__TwigTemplate_845f4b9307a9622d90dc978ee3f9f118c67fe4b0d773d4b5e2de97b9b9423c9b::doDisplay() - ROOT\tmp\cache\twigView\d0\d093f4297a046d0163ccc6261850e328db08d36425eb175b9975f4d54fd13274.php, line 22
Twig_Template::displayWithErrorHandling() - ROOT\vendor\twig\twig\lib\Twig\Template.php, line 432
Twig_Template::display() - ROOT\vendor\twig\twig\lib\Twig\Template.php, line 403
Twig_Template::render() - ROOT\vendor\twig\twig\lib\Twig\Template.php, line 411
WyriHaximus\TwigView\View\TwigView::_render() - ROOT\vendor\wyrihaximus\twig-view\src\View\TwigView.php, line 180
Bake\View\BakeView::render() - ROOT\vendor\cakephp\bake\src\View\BakeView.php, line 146
Bake\Shell\Task\BakeTemplateTask::generate() - ROOT\vendor\cakephp\bake\src\Shell\Task\BakeTemplateTask.php, line 91
Bake\Shell\Task\ModelTask::bakeTable() - ROOT\vendor\cakephp\bake\src\Shell\Task\ModelTask.php, line 971
Bake\Shell\Task\ModelTask::bake() - ROOT\vendor\cakephp\bake\src\Shell\Task\ModelTask.php, line 115
Bake\Shell\Task\ModelTask::main() - ROOT\vendor\cakephp\bake\src\Shell\Task\ModelTask.php, line 101
Bake\Shell\BakeShell::Bake\Shell\{closure}() - ROOT\vendor\cakephp\bake\src\Shell\BakeShell.php, line 273
Cake\Collection\Collection::each() - CORE\src\Collection\CollectionTrait.php, line 51
Bake\Shell\BakeShell::all() - ROOT\vendor\cakephp\bake\src\Shell\BakeShell.php, line 274
Cake\Console\Shell::runCommand() - CORE\src\Console\Shell.php, line 518
Cake\Console\CommandRunner::runShell() - CORE\src\Console\CommandRunner.php, line 342
Cake\Console\CommandRunner::run() - CORE\src\Console\CommandRunner.php, line 164
[main] - ROOT\bin\cake.php, line 12



2018-09-24 17:54:18 Notice: Notice (8): Undefined index: Customerbases in [C:\Program Files (x86)\Ampps\www\GestionStage\GestionStage\vendor\cakephp\bake\src\View\Helper\DocBlockHelper.php, line 238]
Trace:
Cake\Error\BaseErrorHandler::handleError() - CORE\src\Error\BaseErrorHandler.php, line 159
Bake\View\Helper\DocBlockHelper::buildTableAnnotations() - ROOT\vendor\cakephp\bake\src\View\Helper\DocBlockHelper.php, line 238
Twig_Template::getAttribute() - ROOT\vendor\twig\twig\lib\Twig\Template.php, line 679
__TwigTemplate_845f4b9307a9622d90dc978ee3f9f118c67fe4b0d773d4b5e2de97b9b9423c9b::doDisplay() - ROOT\tmp\cache\twigView\d0\d093f4297a046d0163ccc6261850e328db08d36425eb175b9975f4d54fd13274.php, line 22
Twig_Template::displayWithErrorHandling() - ROOT\vendor\twig\twig\lib\Twig\Template.php, line 432
Twig_Template::display() - ROOT\vendor\twig\twig\lib\Twig\Template.php, line 403
Twig_Template::render() - ROOT\vendor\twig\twig\lib\Twig\Template.php, line 411
WyriHaximus\TwigView\View\TwigView::_render() - ROOT\vendor\wyrihaximus\twig-view\src\View\TwigView.php, line 180
Bake\View\BakeView::render() - ROOT\vendor\cakephp\bake\src\View\BakeView.php, line 146
Bake\Shell\Task\BakeTemplateTask::generate() - ROOT\vendor\cakephp\bake\src\Shell\Task\BakeTemplateTask.php, line 91
Bake\Shell\Task\ModelTask::bakeTable() - ROOT\vendor\cakephp\bake\src\Shell\Task\ModelTask.php, line 971
Bake\Shell\Task\ModelTask::bake() - ROOT\vendor\cakephp\bake\src\Shell\Task\ModelTask.php, line 115
Bake\Shell\Task\ModelTask::main() - ROOT\vendor\cakephp\bake\src\Shell\Task\ModelTask.php, line 101
Bake\Shell\BakeShell::Bake\Shell\{closure}() - ROOT\vendor\cakephp\bake\src\Shell\BakeShell.php, line 273
Cake\Collection\Collection::each() - CORE\src\Collection\CollectionTrait.php, line 51
Bake\Shell\BakeShell::all() - ROOT\vendor\cakephp\bake\src\Shell\BakeShell.php, line 274
Cake\Console\Shell::runCommand() - CORE\src\Console\Shell.php, line 518
Cake\Console\CommandRunner::runShell() - CORE\src\Console\CommandRunner.php, line 342
Cake\Console\CommandRunner::run() - CORE\src\Console\CommandRunner.php, line 164
[main] - ROOT\bin\cake.php, line 12



2018-09-24 17:54:18 Notice: Notice (8): Undefined index: Environments in [C:\Program Files (x86)\Ampps\www\GestionStage\GestionStage\vendor\cakephp\bake\src\View\Helper\DocBlockHelper.php, line 238]
Trace:
Cake\Error\BaseErrorHandler::handleError() - CORE\src\Error\BaseErrorHandler.php, line 159
Bake\View\Helper\DocBlockHelper::buildTableAnnotations() - ROOT\vendor\cakephp\bake\src\View\Helper\DocBlockHelper.php, line 238
Twig_Template::getAttribute() - ROOT\vendor\twig\twig\lib\Twig\Template.php, line 679
__TwigTemplate_845f4b9307a9622d90dc978ee3f9f118c67fe4b0d773d4b5e2de97b9b9423c9b::doDisplay() - ROOT\tmp\cache\twigView\d0\d093f4297a046d0163ccc6261850e328db08d36425eb175b9975f4d54fd13274.php, line 22
Twig_Template::displayWithErrorHandling() - ROOT\vendor\twig\twig\lib\Twig\Template.php, line 432
Twig_Template::display() - ROOT\vendor\twig\twig\lib\Twig\Template.php, line 403
Twig_Template::render() - ROOT\vendor\twig\twig\lib\Twig\Template.php, line 411
WyriHaximus\TwigView\View\TwigView::_render() - ROOT\vendor\wyrihaximus\twig-view\src\View\TwigView.php, line 180
Bake\View\BakeView::render() - ROOT\vendor\cakephp\bake\src\View\BakeView.php, line 146
Bake\Shell\Task\BakeTemplateTask::generate() - ROOT\vendor\cakephp\bake\src\Shell\Task\BakeTemplateTask.php, line 91
Bake\Shell\Task\ModelTask::bakeTable() - ROOT\vendor\cakephp\bake\src\Shell\Task\ModelTask.php, line 971
Bake\Shell\Task\ModelTask::bake() - ROOT\vendor\cakephp\bake\src\Shell\Task\ModelTask.php, line 115
Bake\Shell\Task\ModelTask::main() - ROOT\vendor\cakephp\bake\src\Shell\Task\ModelTask.php, line 101
Bake\Shell\BakeShell::Bake\Shell\{closure}() - ROOT\vendor\cakephp\bake\src\Shell\BakeShell.php, line 273
Cake\Collection\Collection::each() - CORE\src\Collection\CollectionTrait.php, line 51
Bake\Shell\BakeShell::all() - ROOT\vendor\cakephp\bake\src\Shell\BakeShell.php, line 274
Cake\Console\Shell::runCommand() - CORE\src\Console\Shell.php, line 518
Cake\Console\CommandRunner::runShell() - CORE\src\Console\CommandRunner.php, line 342
Cake\Console\CommandRunner::run() - CORE\src\Console\CommandRunner.php, line 164
[main] - ROOT\bin\cake.php, line 12



2018-09-24 17:54:18 Notice: Notice (8): Undefined index: InternshipCustomerbase in [C:\Program Files (x86)\Ampps\www\GestionStage\GestionStage\vendor\cakephp\bake\src\View\Helper\DocBlockHelper.php, line 238]
Trace:
Cake\Error\BaseErrorHandler::handleError() - CORE\src\Error\BaseErrorHandler.php, line 159
Bake\View\Helper\DocBlockHelper::buildTableAnnotations() - ROOT\vendor\cakephp\bake\src\View\Helper\DocBlockHelper.php, line 238
Twig_Template::getAttribute() - ROOT\vendor\twig\twig\lib\Twig\Template.php, line 679
__TwigTemplate_845f4b9307a9622d90dc978ee3f9f118c67fe4b0d773d4b5e2de97b9b9423c9b::doDisplay() - ROOT\tmp\cache\twigView\d0\d093f4297a046d0163ccc6261850e328db08d36425eb175b9975f4d54fd13274.php, line 22
Twig_Template::displayWithErrorHandling() - ROOT\vendor\twig\twig\lib\Twig\Template.php, line 432
Twig_Template::display() - ROOT\vendor\twig\twig\lib\Twig\Template.php, line 403
Twig_Template::render() - ROOT\vendor\twig\twig\lib\Twig\Template.php, line 411
WyriHaximus\TwigView\View\TwigView::_render() - ROOT\vendor\wyrihaximus\twig-view\src\View\TwigView.php, line 180
Bake\View\BakeView::render() - ROOT\vendor\cakephp\bake\src\View\BakeView.php, line 146
Bake\Shell\Task\BakeTemplateTask::generate() - ROOT\vendor\cakephp\bake\src\Shell\Task\BakeTemplateTask.php, line 91
Bake\Shell\Task\ModelTask::bakeTable() - ROOT\vendor\cakephp\bake\src\Shell\Task\ModelTask.php, line 971
Bake\Shell\Task\ModelTask::bake() - ROOT\vendor\cakephp\bake\src\Shell\Task\ModelTask.php, line 115
Bake\Shell\Task\ModelTask::main() - ROOT\vendor\cakephp\bake\src\Shell\Task\ModelTask.php, line 101
Bake\Shell\BakeShell::Bake\Shell\{closure}() - ROOT\vendor\cakephp\bake\src\Shell\BakeShell.php, line 273
Cake\Collection\Collection::each() - CORE\src\Collection\CollectionTrait.php, line 51
Bake\Shell\BakeShell::all() - ROOT\vendor\cakephp\bake\src\Shell\BakeShell.php, line 274
Cake\Console\Shell::runCommand() - CORE\src\Console\Shell.php, line 518
Cake\Console\CommandRunner::runShell() - CORE\src\Console\CommandRunner.php, line 342
Cake\Console\CommandRunner::run() - CORE\src\Console\CommandRunner.php, line 164
[main] - ROOT\bin\cake.php, line 12



2018-09-24 17:54:18 Notice: Notice (8): Undefined index: InternshipEnvironment in [C:\Program Files (x86)\Ampps\www\GestionStage\GestionStage\vendor\cakephp\bake\src\View\Helper\DocBlockHelper.php, line 238]
Trace:
Cake\Error\BaseErrorHandler::handleError() - CORE\src\Error\BaseErrorHandler.php, line 159
Bake\View\Helper\DocBlockHelper::buildTableAnnotations() - ROOT\vendor\cakephp\bake\src\View\Helper\DocBlockHelper.php, line 238
Twig_Template::getAttribute() - ROOT\vendor\twig\twig\lib\Twig\Template.php, line 679
__TwigTemplate_845f4b9307a9622d90dc978ee3f9f118c67fe4b0d773d4b5e2de97b9b9423c9b::doDisplay() - ROOT\tmp\cache\twigView\d0\d093f4297a046d0163ccc6261850e328db08d36425eb175b9975f4d54fd13274.php, line 22
Twig_Template::displayWithErrorHandling() - ROOT\vendor\twig\twig\lib\Twig\Template.php, line 432
Twig_Template::display() - ROOT\vendor\twig\twig\lib\Twig\Template.php, line 403
Twig_Template::render() - ROOT\vendor\twig\twig\lib\Twig\Template.php, line 411
WyriHaximus\TwigView\View\TwigView::_render() - ROOT\vendor\wyrihaximus\twig-view\src\View\TwigView.php, line 180
Bake\View\BakeView::render() - ROOT\vendor\cakephp\bake\src\View\BakeView.php, line 146
Bake\Shell\Task\BakeTemplateTask::generate() - ROOT\vendor\cakephp\bake\src\Shell\Task\BakeTemplateTask.php, line 91
Bake\Shell\Task\ModelTask::bakeTable() - ROOT\vendor\cakephp\bake\src\Shell\Task\ModelTask.php, line 971
Bake\Shell\Task\ModelTask::bake() - ROOT\vendor\cakephp\bake\src\Shell\Task\ModelTask.php, line 115
Bake\Shell\Task\ModelTask::main() - ROOT\vendor\cakephp\bake\src\Shell\Task\ModelTask.php, line 101
Bake\Shell\BakeShell::Bake\Shell\{closure}() - ROOT\vendor\cakephp\bake\src\Shell\BakeShell.php, line 273
Cake\Collection\Collection::each() - CORE\src\Collection\CollectionTrait.php, line 51
Bake\Shell\BakeShell::all() - ROOT\vendor\cakephp\bake\src\Shell\BakeShell.php, line 274
Cake\Console\Shell::runCommand() - CORE\src\Console\Shell.php, line 518
Cake\Console\CommandRunner::runShell() - CORE\src\Console\CommandRunner.php, line 342
Cake\Console\CommandRunner::run() - CORE\src\Console\CommandRunner.php, line 164
[main] - ROOT\bin\cake.php, line 12



2018-09-24 17:54:46 Notice: Notice (8): Undefined index: Users in [C:\Program Files (x86)\Ampps\www\GestionStage\GestionStage\vendor\cakephp\bake\src\View\Helper\DocBlockHelper.php, line 238]
Trace:
Cake\Error\BaseErrorHandler::handleError() - CORE\src\Error\BaseErrorHandler.php, line 159
Bake\View\Helper\DocBlockHelper::buildTableAnnotations() - ROOT\vendor\cakephp\bake\src\View\Helper\DocBlockHelper.php, line 238
Twig_Template::getAttribute() - ROOT\vendor\twig\twig\lib\Twig\Template.php, line 679
__TwigTemplate_845f4b9307a9622d90dc978ee3f9f118c67fe4b0d773d4b5e2de97b9b9423c9b::doDisplay() - ROOT\tmp\cache\twigView\d0\d093f4297a046d0163ccc6261850e328db08d36425eb175b9975f4d54fd13274.php, line 22
Twig_Template::displayWithErrorHandling() - ROOT\vendor\twig\twig\lib\Twig\Template.php, line 432
Twig_Template::display() - ROOT\vendor\twig\twig\lib\Twig\Template.php, line 403
Twig_Template::render() - ROOT\vendor\twig\twig\lib\Twig\Template.php, line 411
WyriHaximus\TwigView\View\TwigView::_render() - ROOT\vendor\wyrihaximus\twig-view\src\View\TwigView.php, line 180
Bake\View\BakeView::render() - ROOT\vendor\cakephp\bake\src\View\BakeView.php, line 146
Bake\Shell\Task\BakeTemplateTask::generate() - ROOT\vendor\cakephp\bake\src\Shell\Task\BakeTemplateTask.php, line 91
Bake\Shell\Task\ModelTask::bakeTable() - ROOT\vendor\cakephp\bake\src\Shell\Task\ModelTask.php, line 971
Bake\Shell\Task\ModelTask::bake() - ROOT\vendor\cakephp\bake\src\Shell\Task\ModelTask.php, line 115
Bake\Shell\Task\ModelTask::main() - ROOT\vendor\cakephp\bake\src\Shell\Task\ModelTask.php, line 101
Bake\Shell\BakeShell::Bake\Shell\{closure}() - ROOT\vendor\cakephp\bake\src\Shell\BakeShell.php, line 273
Cake\Collection\Collection::each() - CORE\src\Collection\CollectionTrait.php, line 51
Bake\Shell\BakeShell::all() - ROOT\vendor\cakephp\bake\src\Shell\BakeShell.php, line 274
Cake\Console\Shell::runCommand() - CORE\src\Console\Shell.php, line 518
Cake\Console\CommandRunner::runShell() - CORE\src\Console\CommandRunner.php, line 342
Cake\Console\CommandRunner::run() - CORE\src\Console\CommandRunner.php, line 164
[main] - ROOT\bin\cake.php, line 12



2018-09-24 17:55:01 Notice: Notice (8): Undefined index: Company in [C:\Program Files (x86)\Ampps\www\GestionStage\GestionStage\vendor\cakephp\bake\src\View\Helper\DocBlockHelper.php, line 238]
Trace:
Cake\Error\BaseErrorHandler::handleError() - CORE\src\Error\BaseErrorHandler.php, line 159
Bake\View\Helper\DocBlockHelper::buildTableAnnotations() - ROOT\vendor\cakephp\bake\src\View\Helper\DocBlockHelper.php, line 238
Twig_Template::getAttribute() - ROOT\vendor\twig\twig\lib\Twig\Template.php, line 679
__TwigTemplate_845f4b9307a9622d90dc978ee3f9f118c67fe4b0d773d4b5e2de97b9b9423c9b::doDisplay() - ROOT\tmp\cache\twigView\d0\d093f4297a046d0163ccc6261850e328db08d36425eb175b9975f4d54fd13274.php, line 22
Twig_Template::displayWithErrorHandling() - ROOT\vendor\twig\twig\lib\Twig\Template.php, line 432
Twig_Template::display() - ROOT\vendor\twig\twig\lib\Twig\Template.php, line 403
Twig_Template::render() - ROOT\vendor\twig\twig\lib\Twig\Template.php, line 411
WyriHaximus\TwigView\View\TwigView::_render() - ROOT\vendor\wyrihaximus\twig-view\src\View\TwigView.php, line 180
Bake\View\BakeView::render() - ROOT\vendor\cakephp\bake\src\View\BakeView.php, line 146
Bake\Shell\Task\BakeTemplateTask::generate() - ROOT\vendor\cakephp\bake\src\Shell\Task\BakeTemplateTask.php, line 91
Bake\Shell\Task\ModelTask::bakeTable() - ROOT\vendor\cakephp\bake\src\Shell\Task\ModelTask.php, line 971
Bake\Shell\Task\ModelTask::bake() - ROOT\vendor\cakephp\bake\src\Shell\Task\ModelTask.php, line 115
Bake\Shell\Task\ModelTask::main() - ROOT\vendor\cakephp\bake\src\Shell\Task\ModelTask.php, line 101
Bake\Shell\BakeShell::Bake\Shell\{closure}() - ROOT\vendor\cakephp\bake\src\Shell\BakeShell.php, line 273
Cake\Collection\Collection::each() - CORE\src\Collection\CollectionTrait.php, line 51
Bake\Shell\BakeShell::all() - ROOT\vendor\cakephp\bake\src\Shell\BakeShell.php, line 274
Cake\Console\Shell::runCommand() - CORE\src\Console\Shell.php, line 518
Cake\Console\CommandRunner::runShell() - CORE\src\Console\CommandRunner.php, line 342
Cake\Console\CommandRunner::run() - CORE\src\Console\CommandRunner.php, line 164
[main] - ROOT\bin\cake.php, line 12



2018-09-24 17:55:01 Notice: Notice (8): Undefined index: Coordonator in [C:\Program Files (x86)\Ampps\www\GestionStage\GestionStage\vendor\cakephp\bake\src\View\Helper\DocBlockHelper.php, line 238]
Trace:
Cake\Error\BaseErrorHandler::handleError() - CORE\src\Error\BaseErrorHandler.php, line 159
Bake\View\Helper\DocBlockHelper::buildTableAnnotations() - ROOT\vendor\cakephp\bake\src\View\Helper\DocBlockHelper.php, line 238
Twig_Template::getAttribute() - ROOT\vendor\twig\twig\lib\Twig\Template.php, line 679
__TwigTemplate_845f4b9307a9622d90dc978ee3f9f118c67fe4b0d773d4b5e2de97b9b9423c9b::doDisplay() - ROOT\tmp\cache\twigView\d0\d093f4297a046d0163ccc6261850e328db08d36425eb175b9975f4d54fd13274.php, line 22
Twig_Template::displayWithErrorHandling() - ROOT\vendor\twig\twig\lib\Twig\Template.php, line 432
Twig_Template::display() - ROOT\vendor\twig\twig\lib\Twig\Template.php, line 403
Twig_Template::render() - ROOT\vendor\twig\twig\lib\Twig\Template.php, line 411
WyriHaximus\TwigView\View\TwigView::_render() - ROOT\vendor\wyrihaximus\twig-view\src\View\TwigView.php, line 180
Bake\View\BakeView::render() - ROOT\vendor\cakephp\bake\src\View\BakeView.php, line 146
Bake\Shell\Task\BakeTemplateTask::generate() - ROOT\vendor\cakephp\bake\src\Shell\Task\BakeTemplateTask.php, line 91
Bake\Shell\Task\ModelTask::bakeTable() - ROOT\vendor\cakephp\bake\src\Shell\Task\ModelTask.php, line 971
Bake\Shell\Task\ModelTask::bake() - ROOT\vendor\cakephp\bake\src\Shell\Task\ModelTask.php, line 115
Bake\Shell\Task\ModelTask::main() - ROOT\vendor\cakephp\bake\src\Shell\Task\ModelTask.php, line 101
Bake\Shell\BakeShell::Bake\Shell\{closure}() - ROOT\vendor\cakephp\bake\src\Shell\BakeShell.php, line 273
Cake\Collection\Collection::each() - CORE\src\Collection\CollectionTrait.php, line 51
Bake\Shell\BakeShell::all() - ROOT\vendor\cakephp\bake\src\Shell\BakeShell.php, line 274
Cake\Console\Shell::runCommand() - CORE\src\Console\Shell.php, line 518
Cake\Console\CommandRunner::runShell() - CORE\src\Console\CommandRunner.php, line 342
Cake\Console\CommandRunner::run() - CORE\src\Console\CommandRunner.php, line 164
[main] - ROOT\bin\cake.php, line 12



2018-09-24 17:55:01 Notice: Notice (8): Undefined index: Student in [C:\Program Files (x86)\Ampps\www\GestionStage\GestionStage\vendor\cakephp\bake\src\View\Helper\DocBlockHelper.php, line 238]
Trace:
Cake\Error\BaseErrorHandler::handleError() - CORE\src\Error\BaseErrorHandler.php, line 159
Bake\View\Helper\DocBlockHelper::buildTableAnnotations() - ROOT\vendor\cakephp\bake\src\View\Helper\DocBlockHelper.php, line 238
Twig_Template::getAttribute() - ROOT\vendor\twig\twig\lib\Twig\Template.php, line 679
__TwigTemplate_845f4b9307a9622d90dc978ee3f9f118c67fe4b0d773d4b5e2de97b9b9423c9b::doDisplay() - ROOT\tmp\cache\twigView\d0\d093f4297a046d0163ccc6261850e328db08d36425eb175b9975f4d54fd13274.php, line 22
Twig_Template::displayWithErrorHandling() - ROOT\vendor\twig\twig\lib\Twig\Template.php, line 432
Twig_Template::display() - ROOT\vendor\twig\twig\lib\Twig\Template.php, line 403
Twig_Template::render() - ROOT\vendor\twig\twig\lib\Twig\Template.php, line 411
WyriHaximus\TwigView\View\TwigView::_render() - ROOT\vendor\wyrihaximus\twig-view\src\View\TwigView.php, line 180
Bake\View\BakeView::render() - ROOT\vendor\cakephp\bake\src\View\BakeView.php, line 146
Bake\Shell\Task\BakeTemplateTask::generate() - ROOT\vendor\cakephp\bake\src\Shell\Task\BakeTemplateTask.php, line 91
Bake\Shell\Task\ModelTask::bakeTable() - ROOT\vendor\cakephp\bake\src\Shell\Task\ModelTask.php, line 971
Bake\Shell\Task\ModelTask::bake() - ROOT\vendor\cakephp\bake\src\Shell\Task\ModelTask.php, line 115
Bake\Shell\Task\ModelTask::main() - ROOT\vendor\cakephp\bake\src\Shell\Task\ModelTask.php, line 101
Bake\Shell\BakeShell::Bake\Shell\{closure}() - ROOT\vendor\cakephp\bake\src\Shell\BakeShell.php, line 273
Cake\Collection\Collection::each() - CORE\src\Collection\CollectionTrait.php, line 51
Bake\Shell\BakeShell::all() - ROOT\vendor\cakephp\bake\src\Shell\BakeShell.php, line 274
Cake\Console\Shell::runCommand() - CORE\src\Console\Shell.php, line 518
Cake\Console\CommandRunner::runShell() - CORE\src\Console\CommandRunner.php, line 342
Cake\Console\CommandRunner::run() - CORE\src\Console\CommandRunner.php, line 164
[main] - ROOT\bin\cake.php, line 12



2018-09-24 17:55:58 Notice: Notice (8): Undefined index: Type in [C:\Program Files (x86)\Ampps\www\GestionStage\GestionStage\vendor\cakephp\bake\src\View\Helper\DocBlockHelper.php, line 238]
Trace:
Cake\Error\BaseErrorHandler::handleError() - CORE\src\Error\BaseErrorHandler.php, line 159
Bake\View\Helper\DocBlockHelper::buildTableAnnotations() - ROOT\vendor\cakephp\bake\src\View\Helper\DocBlockHelper.php, line 238
Twig_Template::getAttribute() - ROOT\vendor\twig\twig\lib\Twig\Template.php, line 679
__TwigTemplate_845f4b9307a9622d90dc978ee3f9f118c67fe4b0d773d4b5e2de97b9b9423c9b::doDisplay() - ROOT\tmp\cache\twigView\d0\d093f4297a046d0163ccc6261850e328db08d36425eb175b9975f4d54fd13274.php, line 22
Twig_Template::displayWithErrorHandling() - ROOT\vendor\twig\twig\lib\Twig\Template.php, line 432
Twig_Template::display() - ROOT\vendor\twig\twig\lib\Twig\Template.php, line 403
Twig_Template::render() - ROOT\vendor\twig\twig\lib\Twig\Template.php, line 411
WyriHaximus\TwigView\View\TwigView::_render() - ROOT\vendor\wyrihaximus\twig-view\src\View\TwigView.php, line 180
Bake\View\BakeView::render() - ROOT\vendor\cakephp\bake\src\View\BakeView.php, line 146
Bake\Shell\Task\BakeTemplateTask::generate() - ROOT\vendor\cakephp\bake\src\Shell\Task\BakeTemplateTask.php, line 91
Bake\Shell\Task\ModelTask::bakeTable() - ROOT\vendor\cakephp\bake\src\Shell\Task\ModelTask.php, line 971
Bake\Shell\Task\ModelTask::bake() - ROOT\vendor\cakephp\bake\src\Shell\Task\ModelTask.php, line 115
Bake\Shell\Task\ModelTask::main() - ROOT\vendor\cakephp\bake\src\Shell\Task\ModelTask.php, line 101
Bake\Shell\BakeShell::Bake\Shell\{closure}() - ROOT\vendor\cakephp\bake\src\Shell\BakeShell.php, line 273
Cake\Collection\Collection::each() - CORE\src\Collection\CollectionTrait.php, line 51
Bake\Shell\BakeShell::all() - ROOT\vendor\cakephp\bake\src\Shell\BakeShell.php, line 274
Cake\Console\Shell::runCommand() - CORE\src\Console\Shell.php, line 518
Cake\Console\CommandRunner::runShell() - CORE\src\Console\CommandRunner.php, line 342
Cake\Console\CommandRunner::run() - CORE\src\Console\CommandRunner.php, line 164
[main] - ROOT\bin\cake.php, line 12



2018-09-24 17:57:43 Notice: Notice (8): Undefined index: Types in [C:\Program Files (x86)\Ampps\www\GestionStage\GestionStage\vendor\cakephp\bake\src\View\Helper\DocBlockHelper.php, line 238]
Trace:
Cake\Error\BaseErrorHandler::handleError() - CORE\src\Error\BaseErrorHandler.php, line 159
Bake\View\Helper\DocBlockHelper::buildTableAnnotations() - ROOT\vendor\cakephp\bake\src\View\Helper\DocBlockHelper.php, line 238
Twig_Template::getAttribute() - ROOT\vendor\twig\twig\lib\Twig\Template.php, line 679
__TwigTemplate_845f4b9307a9622d90dc978ee3f9f118c67fe4b0d773d4b5e2de97b9b9423c9b::doDisplay() - ROOT\tmp\cache\twigView\d0\d093f4297a046d0163ccc6261850e328db08d36425eb175b9975f4d54fd13274.php, line 22
Twig_Template::displayWithErrorHandling() - ROOT\vendor\twig\twig\lib\Twig\Template.php, line 432
Twig_Template::display() - ROOT\vendor\twig\twig\lib\Twig\Template.php, line 403
Twig_Template::render() - ROOT\vendor\twig\twig\lib\Twig\Template.php, line 411
WyriHaximus\TwigView\View\TwigView::_render() - ROOT\vendor\wyrihaximus\twig-view\src\View\TwigView.php, line 180
Bake\View\BakeView::render() - ROOT\vendor\cakephp\bake\src\View\BakeView.php, line 146
Bake\Shell\Task\BakeTemplateTask::generate() - ROOT\vendor\cakephp\bake\src\Shell\Task\BakeTemplateTask.php, line 91
Bake\Shell\Task\ModelTask::bakeTable() - ROOT\vendor\cakephp\bake\src\Shell\Task\ModelTask.php, line 971
Bake\Shell\Task\ModelTask::bake() - ROOT\vendor\cakephp\bake\src\Shell\Task\ModelTask.php, line 115
Bake\Shell\Task\ModelTask::main() - ROOT\vendor\cakephp\bake\src\Shell\Task\ModelTask.php, line 101
Bake\Shell\BakeShell::Bake\Shell\{closure}() - ROOT\vendor\cakephp\bake\src\Shell\BakeShell.php, line 273
Cake\Collection\Collection::each() - CORE\src\Collection\CollectionTrait.php, line 51
Bake\Shell\BakeShell::all() - ROOT\vendor\cakephp\bake\src\Shell\BakeShell.php, line 274
Cake\Console\Shell::runCommand() - CORE\src\Console\Shell.php, line 518
Cake\Console\CommandRunner::runShell() - CORE\src\Console\CommandRunner.php, line 342
Cake\Console\CommandRunner::run() - CORE\src\Console\CommandRunner.php, line 164
[main] - ROOT\bin\cake.php, line 12



2018-09-24 18:41:55 Notice: Notice (8): Undefined index: Internship in [C:\Program Files (x86)\Ampps\www\GestionStage\GestionStage\vendor\cakephp\bake\src\View\Helper\DocBlockHelper.php, line 238]
Trace:
Cake\Error\BaseErrorHandler::handleError() - CORE\src\Error\BaseErrorHandler.php, line 159
Bake\View\Helper\DocBlockHelper::buildTableAnnotations() - ROOT\vendor\cakephp\bake\src\View\Helper\DocBlockHelper.php, line 238
Twig_Template::getAttribute() - ROOT\vendor\twig\twig\lib\Twig\Template.php, line 679
__TwigTemplate_845f4b9307a9622d90dc978ee3f9f118c67fe4b0d773d4b5e2de97b9b9423c9b::doDisplay() - ROOT\tmp\cache\twigView\d0\d093f4297a046d0163ccc6261850e328db08d36425eb175b9975f4d54fd13274.php, line 22
Twig_Template::displayWithErrorHandling() - ROOT\vendor\twig\twig\lib\Twig\Template.php, line 432
Twig_Template::display() - ROOT\vendor\twig\twig\lib\Twig\Template.php, line 403
Twig_Template::render() - ROOT\vendor\twig\twig\lib\Twig\Template.php, line 411
WyriHaximus\TwigView\View\TwigView::_render() - ROOT\vendor\wyrihaximus\twig-view\src\View\TwigView.php, line 180
Bake\View\BakeView::render() - ROOT\vendor\cakephp\bake\src\View\BakeView.php, line 146
Bake\Shell\Task\BakeTemplateTask::generate() - ROOT\vendor\cakephp\bake\src\Shell\Task\BakeTemplateTask.php, line 91
Bake\Shell\Task\ModelTask::bakeTable() - ROOT\vendor\cakephp\bake\src\Shell\Task\ModelTask.php, line 971
Bake\Shell\Task\ModelTask::bake() - ROOT\vendor\cakephp\bake\src\Shell\Task\ModelTask.php, line 115
Bake\Shell\Task\ModelTask::main() - ROOT\vendor\cakephp\bake\src\Shell\Task\ModelTask.php, line 101
Bake\Shell\BakeShell::Bake\Shell\{closure}() - ROOT\vendor\cakephp\bake\src\Shell\BakeShell.php, line 273
Cake\Collection\Collection::each() - CORE\src\Collection\CollectionTrait.php, line 51
Bake\Shell\BakeShell::all() - ROOT\vendor\cakephp\bake\src\Shell\BakeShell.php, line 274
Cake\Console\Shell::runCommand() - CORE\src\Console\Shell.php, line 518
Cake\Console\CommandRunner::runShell() - CORE\src\Console\CommandRunner.php, line 342
Cake\Console\CommandRunner::run() - CORE\src\Console\CommandRunner.php, line 164
[main] - ROOT\bin\cake.php, line 12



2018-09-24 18:42:04 Notice: Notice (8): Undefined index: Internship in [C:\Program Files (x86)\Ampps\www\GestionStage\GestionStage\vendor\cakephp\bake\src\View\Helper\DocBlockHelper.php, line 238]
Trace:
Cake\Error\BaseErrorHandler::handleError() - CORE\src\Error\BaseErrorHandler.php, line 159
Bake\View\Helper\DocBlockHelper::buildTableAnnotations() - ROOT\vendor\cakephp\bake\src\View\Helper\DocBlockHelper.php, line 238
Twig_Template::getAttribute() - ROOT\vendor\twig\twig\lib\Twig\Template.php, line 679
__TwigTemplate_845f4b9307a9622d90dc978ee3f9f118c67fe4b0d773d4b5e2de97b9b9423c9b::doDisplay() - ROOT\tmp\cache\twigView\d0\d093f4297a046d0163ccc6261850e328db08d36425eb175b9975f4d54fd13274.php, line 22
Twig_Template::displayWithErrorHandling() - ROOT\vendor\twig\twig\lib\Twig\Template.php, line 432
Twig_Template::display() - ROOT\vendor\twig\twig\lib\Twig\Template.php, line 403
Twig_Template::render() - ROOT\vendor\twig\twig\lib\Twig\Template.php, line 411
WyriHaximus\TwigView\View\TwigView::_render() - ROOT\vendor\wyrihaximus\twig-view\src\View\TwigView.php, line 180
Bake\View\BakeView::render() - ROOT\vendor\cakephp\bake\src\View\BakeView.php, line 146
Bake\Shell\Task\BakeTemplateTask::generate() - ROOT\vendor\cakephp\bake\src\Shell\Task\BakeTemplateTask.php, line 91
Bake\Shell\Task\ModelTask::bakeTable() - ROOT\vendor\cakephp\bake\src\Shell\Task\ModelTask.php, line 971
Bake\Shell\Task\ModelTask::bake() - ROOT\vendor\cakephp\bake\src\Shell\Task\ModelTask.php, line 115
Bake\Shell\Task\ModelTask::main() - ROOT\vendor\cakephp\bake\src\Shell\Task\ModelTask.php, line 101
Bake\Shell\BakeShell::Bake\Shell\{closure}() - ROOT\vendor\cakephp\bake\src\Shell\BakeShell.php, line 273
Cake\Collection\Collection::each() - CORE\src\Collection\CollectionTrait.php, line 51
Bake\Shell\BakeShell::all() - ROOT\vendor\cakephp\bake\src\Shell\BakeShell.php, line 274
Cake\Console\Shell::runCommand() - CORE\src\Console\Shell.php, line 518
Cake\Console\CommandRunner::runShell() - CORE\src\Console\CommandRunner.php, line 342
Cake\Console\CommandRunner::run() - CORE\src\Console\CommandRunner.php, line 164
[main] - ROOT\bin\cake.php, line 12



2018-09-24 18:42:11 Notice: Notice (8): Undefined index: Internship in [C:\Program Files (x86)\Ampps\www\GestionStage\GestionStage\vendor\cakephp\bake\src\View\Helper\DocBlockHelper.php, line 238]
Trace:
Cake\Error\BaseErrorHandler::handleError() - CORE\src\Error\BaseErrorHandler.php, line 159
Bake\View\Helper\DocBlockHelper::buildTableAnnotations() - ROOT\vendor\cakephp\bake\src\View\Helper\DocBlockHelper.php, line 238
Twig_Template::getAttribute() - ROOT\vendor\twig\twig\lib\Twig\Template.php, line 679
__TwigTemplate_845f4b9307a9622d90dc978ee3f9f118c67fe4b0d773d4b5e2de97b9b9423c9b::doDisplay() - ROOT\tmp\cache\twigView\d0\d093f4297a046d0163ccc6261850e328db08d36425eb175b9975f4d54fd13274.php, line 22
Twig_Template::displayWithErrorHandling() - ROOT\vendor\twig\twig\lib\Twig\Template.php, line 432
Twig_Template::display() - ROOT\vendor\twig\twig\lib\Twig\Template.php, line 403
Twig_Template::render() - ROOT\vendor\twig\twig\lib\Twig\Template.php, line 411
WyriHaximus\TwigView\View\TwigView::_render() - ROOT\vendor\wyrihaximus\twig-view\src\View\TwigView.php, line 180
Bake\View\BakeView::render() - ROOT\vendor\cakephp\bake\src\View\BakeView.php, line 146
Bake\Shell\Task\BakeTemplateTask::generate() - ROOT\vendor\cakephp\bake\src\Shell\Task\BakeTemplateTask.php, line 91
Bake\Shell\Task\ModelTask::bakeTable() - ROOT\vendor\cakephp\bake\src\Shell\Task\ModelTask.php, line 971
Bake\Shell\Task\ModelTask::bake() - ROOT\vendor\cakephp\bake\src\Shell\Task\ModelTask.php, line 115
Bake\Shell\Task\ModelTask::main() - ROOT\vendor\cakephp\bake\src\Shell\Task\ModelTask.php, line 101
Bake\Shell\BakeShell::Bake\Shell\{closure}() - ROOT\vendor\cakephp\bake\src\Shell\BakeShell.php, line 273
Cake\Collection\Collection::each() - CORE\src\Collection\CollectionTrait.php, line 51
Bake\Shell\BakeShell::all() - ROOT\vendor\cakephp\bake\src\Shell\BakeShell.php, line 274
Cake\Console\Shell::runCommand() - CORE\src\Console\Shell.php, line 518
Cake\Console\CommandRunner::runShell() - CORE\src\Console\CommandRunner.php, line 342
Cake\Console\CommandRunner::run() - CORE\src\Console\CommandRunner.php, line 164
[main] - ROOT\bin\cake.php, line 12



2018-09-24 19:12:03 Notice: Notice (8): Undefined index: InternshipCustomerbase in [C:\Program Files (x86)\Ampps\www\GestionStage\GestionStage\vendor\cakephp\bake\src\View\Helper\DocBlockHelper.php, line 238]
Trace:
Cake\Error\BaseErrorHandler::handleError() - CORE\src\Error\BaseErrorHandler.php, line 159
Bake\View\Helper\DocBlockHelper::buildTableAnnotations() - ROOT\vendor\cakephp\bake\src\View\Helper\DocBlockHelper.php, line 238
Twig_Template::getAttribute() - ROOT\vendor\twig\twig\lib\Twig\Template.php, line 679
__TwigTemplate_845f4b9307a9622d90dc978ee3f9f118c67fe4b0d773d4b5e2de97b9b9423c9b::doDisplay() - ROOT\tmp\cache\twigView\d0\d093f4297a046d0163ccc6261850e328db08d36425eb175b9975f4d54fd13274.php, line 22
Twig_Template::displayWithErrorHandling() - ROOT\vendor\twig\twig\lib\Twig\Template.php, line 432
Twig_Template::display() - ROOT\vendor\twig\twig\lib\Twig\Template.php, line 403
Twig_Template::render() - ROOT\vendor\twig\twig\lib\Twig\Template.php, line 411
WyriHaximus\TwigView\View\TwigView::_render() - ROOT\vendor\wyrihaximus\twig-view\src\View\TwigView.php, line 180
Bake\View\BakeView::render() - ROOT\vendor\cakephp\bake\src\View\BakeView.php, line 146
Bake\Shell\Task\BakeTemplateTask::generate() - ROOT\vendor\cakephp\bake\src\Shell\Task\BakeTemplateTask.php, line 91
Bake\Shell\Task\ModelTask::bakeTable() - ROOT\vendor\cakephp\bake\src\Shell\Task\ModelTask.php, line 971
Bake\Shell\Task\ModelTask::bake() - ROOT\vendor\cakephp\bake\src\Shell\Task\ModelTask.php, line 115
Bake\Shell\Task\ModelTask::main() - ROOT\vendor\cakephp\bake\src\Shell\Task\ModelTask.php, line 101
Bake\Shell\BakeShell::Bake\Shell\{closure}() - ROOT\vendor\cakephp\bake\src\Shell\BakeShell.php, line 273
Cake\Collection\Collection::each() - CORE\src\Collection\CollectionTrait.php, line 51
Bake\Shell\BakeShell::all() - ROOT\vendor\cakephp\bake\src\Shell\BakeShell.php, line 274
Cake\Console\Shell::runCommand() - CORE\src\Console\Shell.php, line 518
Cake\Console\CommandRunner::runShell() - CORE\src\Console\CommandRunner.php, line 342
Cake\Console\CommandRunner::run() - CORE\src\Console\CommandRunner.php, line 164
[main] - ROOT\bin\cake.php, line 12



2018-09-24 19:51:47 Notice: Notice (8): Undefined index: InternshipsCustomerbases in [C:\Program Files (x86)\Ampps\www\GestionStage\GestionStage\vendor\cakephp\bake\src\View\Helper\DocBlockHelper.php, line 238]
Trace:
Cake\Error\BaseErrorHandler::handleError() - CORE\src\Error\BaseErrorHandler.php, line 159
Bake\View\Helper\DocBlockHelper::buildTableAnnotations() - ROOT\vendor\cakephp\bake\src\View\Helper\DocBlockHelper.php, line 238
Twig_Template::getAttribute() - ROOT\vendor\twig\twig\lib\Twig\Template.php, line 679
__TwigTemplate_845f4b9307a9622d90dc978ee3f9f118c67fe4b0d773d4b5e2de97b9b9423c9b::doDisplay() - ROOT\tmp\cache\twigView\d0\d093f4297a046d0163ccc6261850e328db08d36425eb175b9975f4d54fd13274.php, line 22
Twig_Template::displayWithErrorHandling() - ROOT\vendor\twig\twig\lib\Twig\Template.php, line 432
Twig_Template::display() - ROOT\vendor\twig\twig\lib\Twig\Template.php, line 403
Twig_Template::render() - ROOT\vendor\twig\twig\lib\Twig\Template.php, line 411
WyriHaximus\TwigView\View\TwigView::_render() - ROOT\vendor\wyrihaximus\twig-view\src\View\TwigView.php, line 180
Bake\View\BakeView::render() - ROOT\vendor\cakephp\bake\src\View\BakeView.php, line 146
Bake\Shell\Task\BakeTemplateTask::generate() - ROOT\vendor\cakephp\bake\src\Shell\Task\BakeTemplateTask.php, line 91
Bake\Shell\Task\ModelTask::bakeTable() - ROOT\vendor\cakephp\bake\src\Shell\Task\ModelTask.php, line 971
Bake\Shell\Task\ModelTask::bake() - ROOT\vendor\cakephp\bake\src\Shell\Task\ModelTask.php, line 115
Bake\Shell\Task\ModelTask::main() - ROOT\vendor\cakephp\bake\src\Shell\Task\ModelTask.php, line 101
Bake\Shell\BakeShell::Bake\Shell\{closure}() - ROOT\vendor\cakephp\bake\src\Shell\BakeShell.php, line 273
Cake\Collection\Collection::each() - CORE\src\Collection\CollectionTrait.php, line 51
Bake\Shell\BakeShell::all() - ROOT\vendor\cakephp\bake\src\Shell\BakeShell.php, line 274
Cake\Console\Shell::runCommand() - CORE\src\Console\Shell.php, line 518
Cake\Console\CommandRunner::runShell() - CORE\src\Console\CommandRunner.php, line 342
Cake\Console\CommandRunner::run() - CORE\src\Console\CommandRunner.php, line 164
[main] - ROOT\bin\cake.php, line 12



2018-09-24 19:51:47 Notice: Notice (8): Undefined index: InternshipsEnvironments in [C:\Program Files (x86)\Ampps\www\GestionStage\GestionStage\vendor\cakephp\bake\src\View\Helper\DocBlockHelper.php, line 238]
Trace:
Cake\Error\BaseErrorHandler::handleError() - CORE\src\Error\BaseErrorHandler.php, line 159
Bake\View\Helper\DocBlockHelper::buildTableAnnotations() - ROOT\vendor\cakephp\bake\src\View\Helper\DocBlockHelper.php, line 238
Twig_Template::getAttribute() - ROOT\vendor\twig\twig\lib\Twig\Template.php, line 679
__TwigTemplate_845f4b9307a9622d90dc978ee3f9f118c67fe4b0d773d4b5e2de97b9b9423c9b::doDisplay() - ROOT\tmp\cache\twigView\d0\d093f4297a046d0163ccc6261850e328db08d36425eb175b9975f4d54fd13274.php, line 22
Twig_Template::displayWithErrorHandling() - ROOT\vendor\twig\twig\lib\Twig\Template.php, line 432
Twig_Template::display() - ROOT\vendor\twig\twig\lib\Twig\Template.php, line 403
Twig_Template::render() - ROOT\vendor\twig\twig\lib\Twig\Template.php, line 411
WyriHaximus\TwigView\View\TwigView::_render() - ROOT\vendor\wyrihaximus\twig-view\src\View\TwigView.php, line 180
Bake\View\BakeView::render() - ROOT\vendor\cakephp\bake\src\View\BakeView.php, line 146
Bake\Shell\Task\BakeTemplateTask::generate() - ROOT\vendor\cakephp\bake\src\Shell\Task\BakeTemplateTask.php, line 91
Bake\Shell\Task\ModelTask::bakeTable() - ROOT\vendor\cakephp\bake\src\Shell\Task\ModelTask.php, line 971
Bake\Shell\Task\ModelTask::bake() - ROOT\vendor\cakephp\bake\src\Shell\Task\ModelTask.php, line 115
Bake\Shell\Task\ModelTask::main() - ROOT\vendor\cakephp\bake\src\Shell\Task\ModelTask.php, line 101
Bake\Shell\BakeShell::Bake\Shell\{closure}() - ROOT\vendor\cakephp\bake\src\Shell\BakeShell.php, line 273
Cake\Collection\Collection::each() - CORE\src\Collection\CollectionTrait.php, line 51
Bake\Shell\BakeShell::all() - ROOT\vendor\cakephp\bake\src\Shell\BakeShell.php, line 274
Cake\Console\Shell::runCommand() - CORE\src\Console\Shell.php, line 518
Cake\Console\CommandRunner::runShell() - CORE\src\Console\CommandRunner.php, line 342
Cake\Console\CommandRunner::run() - CORE\src\Console\CommandRunner.php, line 164
[main] - ROOT\bin\cake.php, line 12



2018-09-24 19:51:47 Notice: Notice (8): Undefined index: InternshipsStudents in [C:\Program Files (x86)\Ampps\www\GestionStage\GestionStage\vendor\cakephp\bake\src\View\Helper\DocBlockHelper.php, line 238]
Trace:
Cake\Error\BaseErrorHandler::handleError() - CORE\src\Error\BaseErrorHandler.php, line 159
Bake\View\Helper\DocBlockHelper::buildTableAnnotations() - ROOT\vendor\cakephp\bake\src\View\Helper\DocBlockHelper.php, line 238
Twig_Template::getAttribute() - ROOT\vendor\twig\twig\lib\Twig\Template.php, line 679
__TwigTemplate_845f4b9307a9622d90dc978ee3f9f118c67fe4b0d773d4b5e2de97b9b9423c9b::doDisplay() - ROOT\tmp\cache\twigView\d0\d093f4297a046d0163ccc6261850e328db08d36425eb175b9975f4d54fd13274.php, line 22
Twig_Template::displayWithErrorHandling() - ROOT\vendor\twig\twig\lib\Twig\Template.php, line 432
Twig_Template::display() - ROOT\vendor\twig\twig\lib\Twig\Template.php, line 403
Twig_Template::render() - ROOT\vendor\twig\twig\lib\Twig\Template.php, line 411
WyriHaximus\TwigView\View\TwigView::_render() - ROOT\vendor\wyrihaximus\twig-view\src\View\TwigView.php, line 180
Bake\View\BakeView::render() - ROOT\vendor\cakephp\bake\src\View\BakeView.php, line 146
Bake\Shell\Task\BakeTemplateTask::generate() - ROOT\vendor\cakephp\bake\src\Shell\Task\BakeTemplateTask.php, line 91
Bake\Shell\Task\ModelTask::bakeTable() - ROOT\vendor\cakephp\bake\src\Shell\Task\ModelTask.php, line 971
Bake\Shell\Task\ModelTask::bake() - ROOT\vendor\cakephp\bake\src\Shell\Task\ModelTask.php, line 115
Bake\Shell\Task\ModelTask::main() - ROOT\vendor\cakephp\bake\src\Shell\Task\ModelTask.php, line 101
Bake\Shell\BakeShell::Bake\Shell\{closure}() - ROOT\vendor\cakephp\bake\src\Shell\BakeShell.php, line 273
Cake\Collection\Collection::each() - CORE\src\Collection\CollectionTrait.php, line 51
Bake\Shell\BakeShell::all() - ROOT\vendor\cakephp\bake\src\Shell\BakeShell.php, line 274
Cake\Console\Shell::runCommand() - CORE\src\Console\Shell.php, line 518
Cake\Console\CommandRunner::runShell() - CORE\src\Console\CommandRunner.php, line 342
Cake\Console\CommandRunner::run() - CORE\src\Console\CommandRunner.php, line 164
[main] - ROOT\bin\cake.php, line 12



2018-09-24 19:51:58 Notice: Notice (8): Undefined index: Internships in [C:\Program Files (x86)\Ampps\www\GestionStage\GestionStage\vendor\cakephp\bake\src\View\Helper\DocBlockHelper.php, line 238]
Trace:
Cake\Error\BaseErrorHandler::handleError() - CORE\src\Error\BaseErrorHandler.php, line 159
Bake\View\Helper\DocBlockHelper::buildTableAnnotations() - ROOT\vendor\cakephp\bake\src\View\Helper\DocBlockHelper.php, line 238
Twig_Template::getAttribute() - ROOT\vendor\twig\twig\lib\Twig\Template.php, line 679
__TwigTemplate_845f4b9307a9622d90dc978ee3f9f118c67fe4b0d773d4b5e2de97b9b9423c9b::doDisplay() - ROOT\tmp\cache\twigView\d0\d093f4297a046d0163ccc6261850e328db08d36425eb175b9975f4d54fd13274.php, line 22
Twig_Template::displayWithErrorHandling() - ROOT\vendor\twig\twig\lib\Twig\Template.php, line 432
Twig_Template::display() - ROOT\vendor\twig\twig\lib\Twig\Template.php, line 403
Twig_Template::render() - ROOT\vendor\twig\twig\lib\Twig\Template.php, line 411
WyriHaximus\TwigView\View\TwigView::_render() - ROOT\vendor\wyrihaximus\twig-view\src\View\TwigView.php, line 180
Bake\View\BakeView::render() - ROOT\vendor\cakephp\bake\src\View\BakeView.php, line 146
Bake\Shell\Task\BakeTemplateTask::generate() - ROOT\vendor\cakephp\bake\src\Shell\Task\BakeTemplateTask.php, line 91
Bake\Shell\Task\ModelTask::bakeTable() - ROOT\vendor\cakephp\bake\src\Shell\Task\ModelTask.php, line 971
Bake\Shell\Task\ModelTask::bake() - ROOT\vendor\cakephp\bake\src\Shell\Task\ModelTask.php, line 115
Bake\Shell\Task\ModelTask::main() - ROOT\vendor\cakephp\bake\src\Shell\Task\ModelTask.php, line 101
Bake\Shell\BakeShell::Bake\Shell\{closure}() - ROOT\vendor\cakephp\bake\src\Shell\BakeShell.php, line 273
Cake\Collection\Collection::each() - CORE\src\Collection\CollectionTrait.php, line 51
Bake\Shell\BakeShell::all() - ROOT\vendor\cakephp\bake\src\Shell\BakeShell.php, line 274
Cake\Console\Shell::runCommand() - CORE\src\Console\Shell.php, line 518
Cake\Console\CommandRunner::runShell() - CORE\src\Console\CommandRunner.php, line 342
Cake\Console\CommandRunner::run() - CORE\src\Console\CommandRunner.php, line 164
[main] - ROOT\bin\cake.php, line 12



2018-09-24 19:52:06 Notice: Notice (8): Undefined index: Internships in [C:\Program Files (x86)\Ampps\www\GestionStage\GestionStage\vendor\cakephp\bake\src\View\Helper\DocBlockHelper.php, line 238]
Trace:
Cake\Error\BaseErrorHandler::handleError() - CORE\src\Error\BaseErrorHandler.php, line 159
Bake\View\Helper\DocBlockHelper::buildTableAnnotations() - ROOT\vendor\cakephp\bake\src\View\Helper\DocBlockHelper.php, line 238
Twig_Template::getAttribute() - ROOT\vendor\twig\twig\lib\Twig\Template.php, line 679
__TwigTemplate_845f4b9307a9622d90dc978ee3f9f118c67fe4b0d773d4b5e2de97b9b9423c9b::doDisplay() - ROOT\tmp\cache\twigView\d0\d093f4297a046d0163ccc6261850e328db08d36425eb175b9975f4d54fd13274.php, line 22
Twig_Template::displayWithErrorHandling() - ROOT\vendor\twig\twig\lib\Twig\Template.php, line 432
Twig_Template::display() - ROOT\vendor\twig\twig\lib\Twig\Template.php, line 403
Twig_Template::render() - ROOT\vendor\twig\twig\lib\Twig\Template.php, line 411
WyriHaximus\TwigView\View\TwigView::_render() - ROOT\vendor\wyrihaximus\twig-view\src\View\TwigView.php, line 180
Bake\View\BakeView::render() - ROOT\vendor\cakephp\bake\src\View\BakeView.php, line 146
Bake\Shell\Task\BakeTemplateTask::generate() - ROOT\vendor\cakephp\bake\src\Shell\Task\BakeTemplateTask.php, line 91
Bake\Shell\Task\ModelTask::bakeTable() - ROOT\vendor\cakephp\bake\src\Shell\Task\ModelTask.php, line 971
Bake\Shell\Task\ModelTask::bake() - ROOT\vendor\cakephp\bake\src\Shell\Task\ModelTask.php, line 115
Bake\Shell\Task\ModelTask::main() - ROOT\vendor\cakephp\bake\src\Shell\Task\ModelTask.php, line 101
Bake\Shell\BakeShell::Bake\Shell\{closure}() - ROOT\vendor\cakephp\bake\src\Shell\BakeShell.php, line 273
Cake\Collection\Collection::each() - CORE\src\Collection\CollectionTrait.php, line 51
Bake\Shell\BakeShell::all() - ROOT\vendor\cakephp\bake\src\Shell\BakeShell.php, line 274
Cake\Console\Shell::runCommand() - CORE\src\Console\Shell.php, line 518
Cake\Console\CommandRunner::runShell() - CORE\src\Console\CommandRunner.php, line 342
Cake\Console\CommandRunner::run() - CORE\src\Console\CommandRunner.php, line 164
[main] - ROOT\bin\cake.php, line 12



2018-09-24 19:52:11 Notice: Notice (8): Undefined index: InternshipsStudents in [C:\Program Files (x86)\Ampps\www\GestionStage\GestionStage\vendor\cakephp\bake\src\View\Helper\DocBlockHelper.php, line 238]
Trace:
Cake\Error\BaseErrorHandler::handleError() - CORE\src\Error\BaseErrorHandler.php, line 159
Bake\View\Helper\DocBlockHelper::buildTableAnnotations() - ROOT\vendor\cakephp\bake\src\View\Helper\DocBlockHelper.php, line 238
Twig_Template::getAttribute() - ROOT\vendor\twig\twig\lib\Twig\Template.php, line 679
__TwigTemplate_845f4b9307a9622d90dc978ee3f9f118c67fe4b0d773d4b5e2de97b9b9423c9b::doDisplay() - ROOT\tmp\cache\twigView\d0\d093f4297a046d0163ccc6261850e328db08d36425eb175b9975f4d54fd13274.php, line 22
Twig_Template::displayWithErrorHandling() - ROOT\vendor\twig\twig\lib\Twig\Template.php, line 432
Twig_Template::display() - ROOT\vendor\twig\twig\lib\Twig\Template.php, line 403
Twig_Template::render() - ROOT\vendor\twig\twig\lib\Twig\Template.php, line 411
WyriHaximus\TwigView\View\TwigView::_render() - ROOT\vendor\wyrihaximus\twig-view\src\View\TwigView.php, line 180
Bake\View\BakeView::render() - ROOT\vendor\cakephp\bake\src\View\BakeView.php, line 146
Bake\Shell\Task\BakeTemplateTask::generate() - ROOT\vendor\cakephp\bake\src\Shell\Task\BakeTemplateTask.php, line 91
Bake\Shell\Task\ModelTask::bakeTable() - ROOT\vendor\cakephp\bake\src\Shell\Task\ModelTask.php, line 971
Bake\Shell\Task\ModelTask::bake() - ROOT\vendor\cakephp\bake\src\Shell\Task\ModelTask.php, line 115
Bake\Shell\Task\ModelTask::main() - ROOT\vendor\cakephp\bake\src\Shell\Task\ModelTask.php, line 101
Bake\Shell\BakeShell::Bake\Shell\{closure}() - ROOT\vendor\cakephp\bake\src\Shell\BakeShell.php, line 273
Cake\Collection\Collection::each() - CORE\src\Collection\CollectionTrait.php, line 51
Bake\Shell\BakeShell::all() - ROOT\vendor\cakephp\bake\src\Shell\BakeShell.php, line 274
Cake\Console\Shell::runCommand() - CORE\src\Console\Shell.php, line 518
Cake\Console\CommandRunner::runShell() - CORE\src\Console\CommandRunner.php, line 342
Cake\Console\CommandRunner::run() - CORE\src\Console\CommandRunner.php, line 164
[main] - ROOT\bin\cake.php, line 12



2018-11-05 17:48:18 Notice: Notice (8): Undefined property: App\Test\TestCase\Model\Table\InternshipsTableTest::$Internship in [C:\Program Files (x86)\Ampps\www\GestionStage\GestionStage\tests\TestCase\Model\Table\InternshipsTableTest.php, line 129]
Trace:
Cake\Error\BaseErrorHandler::handleError() - CORE\src\Error\BaseErrorHandler.php, line 159
App\Test\TestCase\Model\Table\InternshipsTableTest::testSaving() - ROOT\tests\TestCase\Model\Table\InternshipsTableTest.php, line 129
ReflectionMethod::invokeArgs() - [internal], line ??
PHPUnit\Framework\TestCase::runTest() - phar://C:/Program Files (x86)/Ampps/www/GestionStage/GestionStage/phpunit.phar/phpunit/Framework/TestCase.php, line 1071
PHPUnit\Framework\TestCase::runBare() - phar://C:/Program Files (x86)/Ampps/www/GestionStage/GestionStage/phpunit.phar/phpunit/Framework/TestCase.php, line 939
PHPUnit\Framework\TestResult::run() - phar://C:/Program Files (x86)/Ampps/www/GestionStage/GestionStage/phpunit.phar/phpunit/Framework/TestResult.php, line 698
PHPUnit\Framework\TestCase::run() - phar://C:/Program Files (x86)/Ampps/www/GestionStage/GestionStage/phpunit.phar/phpunit/Framework/TestCase.php, line 894
PHPUnit\Framework\TestSuite::run() - phar://C:/Program Files (x86)/Ampps/www/GestionStage/GestionStage/phpunit.phar/phpunit/Framework/TestSuite.php, line 755
PHPUnit\TextUI\TestRunner::doRun() - phar://C:/Program Files (x86)/Ampps/www/GestionStage/GestionStage/phpunit.phar/phpunit/TextUI/TestRunner.php, line 545
PHPUnit\TextUI\Command::run() - phar://C:/Program Files (x86)/Ampps/www/GestionStage/GestionStage/phpunit.phar/phpunit/TextUI/Command.php, line 195
PHPUnit\TextUI\Command::main() - phar://C:/Program Files (x86)/Ampps/www/GestionStage/GestionStage/phpunit.phar/phpunit/TextUI/Command.php, line 148
[main] - ROOT\phpunit.phar, line 570



2018-11-05 18:09:53 Notice: Notice (8): Use of undefined constant email - assumed 'email' in [C:\Program Files (x86)\Ampps\www\GestionStage\GestionStage\tests\TestCase\Model\Table\UsersTableTest.php, line 48]
Trace:
Cake\Error\BaseErrorHandler::handleError() - CORE\src\Error\BaseErrorHandler.php, line 159
App\Test\TestCase\Model\Table\UsersTableTest::testValidateEmailFail() - ROOT\tests\TestCase\Model\Table\UsersTableTest.php, line 48
ReflectionMethod::invokeArgs() - [internal], line ??
PHPUnit\Framework\TestCase::runTest() - phar://C:/Program Files (x86)/Ampps/www/GestionStage/GestionStage/phpunit.phar/phpunit/Framework/TestCase.php, line 1071
PHPUnit\Framework\TestCase::runBare() - phar://C:/Program Files (x86)/Ampps/www/GestionStage/GestionStage/phpunit.phar/phpunit/Framework/TestCase.php, line 939
PHPUnit\Framework\TestResult::run() - phar://C:/Program Files (x86)/Ampps/www/GestionStage/GestionStage/phpunit.phar/phpunit/Framework/TestResult.php, line 698
PHPUnit\Framework\TestCase::run() - phar://C:/Program Files (x86)/Ampps/www/GestionStage/GestionStage/phpunit.phar/phpunit/Framework/TestCase.php, line 894
PHPUnit\Framework\TestSuite::run() - phar://C:/Program Files (x86)/Ampps/www/GestionStage/GestionStage/phpunit.phar/phpunit/Framework/TestSuite.php, line 755
PHPUnit\TextUI\TestRunner::doRun() - phar://C:/Program Files (x86)/Ampps/www/GestionStage/GestionStage/phpunit.phar/phpunit/TextUI/TestRunner.php, line 545
PHPUnit\TextUI\Command::run() - phar://C:/Program Files (x86)/Ampps/www/GestionStage/GestionStage/phpunit.phar/phpunit/TextUI/Command.php, line 195
PHPUnit\TextUI\Command::main() - phar://C:/Program Files (x86)/Ampps/www/GestionStage/GestionStage/phpunit.phar/phpunit/TextUI/Command.php, line 148
[main] - ROOT\phpunit.phar, line 570



2018-11-05 19:29:06 Notice: Notice (8): Undefined property: App\Test\TestCase\Model\Table\CompaniesTableTest::$Company in [C:\Program Files (x86)\Ampps\www\GestionStage\GestionStage\tests\TestCase\Model\Table\CompaniesTableTest.php, line 44]
Trace:
Cake\Error\BaseErrorHandler::handleError() - CORE\src\Error\BaseErrorHandler.php, line 159
App\Test\TestCase\Model\Table\CompaniesTableTest::testValidateEmailOK() - ROOT\tests\TestCase\Model\Table\CompaniesTableTest.php, line 44
ReflectionMethod::invokeArgs() - [internal], line ??
PHPUnit\Framework\TestCase::runTest() - phar://C:/Program Files (x86)/Ampps/www/GestionStage/GestionStage/phpunit.phar/phpunit/Framework/TestCase.php, line 1071
PHPUnit\Framework\TestCase::runBare() - phar://C:/Program Files (x86)/Ampps/www/GestionStage/GestionStage/phpunit.phar/phpunit/Framework/TestCase.php, line 939
PHPUnit\Framework\TestResult::run() - phar://C:/Program Files (x86)/Ampps/www/GestionStage/GestionStage/phpunit.phar/phpunit/Framework/TestResult.php, line 698
PHPUnit\Framework\TestCase::run() - phar://C:/Program Files (x86)/Ampps/www/GestionStage/GestionStage/phpunit.phar/phpunit/Framework/TestCase.php, line 894
PHPUnit\Framework\TestSuite::run() - phar://C:/Program Files (x86)/Ampps/www/GestionStage/GestionStage/phpunit.phar/phpunit/Framework/TestSuite.php, line 755
PHPUnit\TextUI\TestRunner::doRun() - phar://C:/Program Files (x86)/Ampps/www/GestionStage/GestionStage/phpunit.phar/phpunit/TextUI/TestRunner.php, line 545
PHPUnit\TextUI\Command::run() - phar://C:/Program Files (x86)/Ampps/www/GestionStage/GestionStage/phpunit.phar/phpunit/TextUI/Command.php, line 195
PHPUnit\TextUI\Command::main() - phar://C:/Program Files (x86)/Ampps/www/GestionStage/GestionStage/phpunit.phar/phpunit/TextUI/Command.php, line 148
[main] - ROOT\phpunit.phar, line 570



2018-11-05 19:32:29 Notice: Notice (8): Use of undefined constant ca - assumed 'ca' in [C:\Program Files (x86)\Ampps\www\GestionStage\GestionStage\tests\TestCase\Model\Table\CompaniesTableTest.php, line 46]
Trace:
Cake\Error\BaseErrorHandler::handleError() - CORE\src\Error\BaseErrorHandler.php, line 159
App\Test\TestCase\Model\Table\CompaniesTableTest::testValidateEmailFail() - ROOT\tests\TestCase\Model\Table\CompaniesTableTest.php, line 46
ReflectionMethod::invokeArgs() - [internal], line ??
PHPUnit\Framework\TestCase::runTest() - phar://C:/Program Files (x86)/Ampps/www/GestionStage/GestionStage/phpunit.phar/phpunit/Framework/TestCase.php, line 1071
PHPUnit\Framework\TestCase::runBare() - phar://C:/Program Files (x86)/Ampps/www/GestionStage/GestionStage/phpunit.phar/phpunit/Framework/TestCase.php, line 939
PHPUnit\Framework\TestResult::run() - phar://C:/Program Files (x86)/Ampps/www/GestionStage/GestionStage/phpunit.phar/phpunit/Framework/TestResult.php, line 698
PHPUnit\Framework\TestCase::run() - phar://C:/Program Files (x86)/Ampps/www/GestionStage/GestionStage/phpunit.phar/phpunit/Framework/TestCase.php, line 894
PHPUnit\Framework\TestSuite::run() - phar://C:/Program Files (x86)/Ampps/www/GestionStage/GestionStage/phpunit.phar/phpunit/Framework/TestSuite.php, line 755
PHPUnit\TextUI\TestRunner::doRun() - phar://C:/Program Files (x86)/Ampps/www/GestionStage/GestionStage/phpunit.phar/phpunit/TextUI/TestRunner.php, line 545
PHPUnit\TextUI\Command::run() - phar://C:/Program Files (x86)/Ampps/www/GestionStage/GestionStage/phpunit.phar/phpunit/TextUI/Command.php, line 195
PHPUnit\TextUI\Command::main() - phar://C:/Program Files (x86)/Ampps/www/GestionStage/GestionStage/phpunit.phar/phpunit/TextUI/Command.php, line 148
[main] - ROOT\phpunit.phar, line 570



2018-11-05 19:32:29 Notice: Notice (8): Undefined variable: copmpany in [C:\Program Files (x86)\Ampps\www\GestionStage\GestionStage\tests\TestCase\Model\Table\CompaniesTableTest.php, line 47]
Trace:
Cake\Error\BaseErrorHandler::handleError() - CORE\src\Error\BaseErrorHandler.php, line 159
App\Test\TestCase\Model\Table\CompaniesTableTest::testValidateEmailFail() - ROOT\tests\TestCase\Model\Table\CompaniesTableTest.php, line 47
ReflectionMethod::invokeArgs() - [internal], line ??
PHPUnit\Framework\TestCase::runTest() - phar://C:/Program Files (x86)/Ampps/www/GestionStage/GestionStage/phpunit.phar/phpunit/Framework/TestCase.php, line 1071
PHPUnit\Framework\TestCase::runBare() - phar://C:/Program Files (x86)/Ampps/www/GestionStage/GestionStage/phpunit.phar/phpunit/Framework/TestCase.php, line 939
PHPUnit\Framework\TestResult::run() - phar://C:/Program Files (x86)/Ampps/www/GestionStage/GestionStage/phpunit.phar/phpunit/Framework/TestResult.php, line 698
PHPUnit\Framework\TestCase::run() - phar://C:/Program Files (x86)/Ampps/www/GestionStage/GestionStage/phpunit.phar/phpunit/Framework/TestCase.php, line 894
PHPUnit\Framework\TestSuite::run() - phar://C:/Program Files (x86)/Ampps/www/GestionStage/GestionStage/phpunit.phar/phpunit/Framework/TestSuite.php, line 755
PHPUnit\TextUI\TestRunner::doRun() - phar://C:/Program Files (x86)/Ampps/www/GestionStage/GestionStage/phpunit.phar/phpunit/TextUI/TestRunner.php, line 545
PHPUnit\TextUI\Command::run() - phar://C:/Program Files (x86)/Ampps/www/GestionStage/GestionStage/phpunit.phar/phpunit/TextUI/Command.php, line 195
PHPUnit\TextUI\Command::main() - phar://C:/Program Files (x86)/Ampps/www/GestionStage/GestionStage/phpunit.phar/phpunit/TextUI/Command.php, line 148
[main] - ROOT\phpunit.phar, line 570



2018-11-05 19:32:53 Notice: Notice (8): Use of undefined constant email - assumed 'email' in [C:\Program Files (x86)\Ampps\www\GestionStage\GestionStage\tests\TestCase\Model\Table\CompaniesTableTest.php, line 46]
Trace:
Cake\Error\BaseErrorHandler::handleError() - CORE\src\Error\BaseErrorHandler.php, line 159
App\Test\TestCase\Model\Table\CompaniesTableTest::testValidateEmailFail() - ROOT\tests\TestCase\Model\Table\CompaniesTableTest.php, line 46
ReflectionMethod::invokeArgs() - [internal], line ??
PHPUnit\Framework\TestCase::runTest() - phar://C:/Program Files (x86)/Ampps/www/GestionStage/GestionStage/phpunit.phar/phpunit/Framework/TestCase.php, line 1071
PHPUnit\Framework\TestCase::runBare() - phar://C:/Program Files (x86)/Ampps/www/GestionStage/GestionStage/phpunit.phar/phpunit/Framework/TestCase.php, line 939
PHPUnit\Framework\TestResult::run() - phar://C:/Program Files (x86)/Ampps/www/GestionStage/GestionStage/phpunit.phar/phpunit/Framework/TestResult.php, line 698
PHPUnit\Framework\TestCase::run() - phar://C:/Program Files (x86)/Ampps/www/GestionStage/GestionStage/phpunit.phar/phpunit/Framework/TestCase.php, line 894
PHPUnit\Framework\TestSuite::run() - phar://C:/Program Files (x86)/Ampps/www/GestionStage/GestionStage/phpunit.phar/phpunit/Framework/TestSuite.php, line 755
PHPUnit\TextUI\TestRunner::doRun() - phar://C:/Program Files (x86)/Ampps/www/GestionStage/GestionStage/phpunit.phar/phpunit/TextUI/TestRunner.php, line 545
PHPUnit\TextUI\Command::run() - phar://C:/Program Files (x86)/Ampps/www/GestionStage/GestionStage/phpunit.phar/phpunit/TextUI/Command.php, line 195
PHPUnit\TextUI\Command::main() - phar://C:/Program Files (x86)/Ampps/www/GestionStage/GestionStage/phpunit.phar/phpunit/TextUI/Command.php, line 148
[main] - ROOT\phpunit.phar, line 570



2018-11-05 19:32:53 Notice: Notice (8): Undefined variable: copmpany in [C:\Program Files (x86)\Ampps\www\GestionStage\GestionStage\tests\TestCase\Model\Table\CompaniesTableTest.php, line 47]
Trace:
Cake\Error\BaseErrorHandler::handleError() - CORE\src\Error\BaseErrorHandler.php, line 159
App\Test\TestCase\Model\Table\CompaniesTableTest::testValidateEmailFail() - ROOT\tests\TestCase\Model\Table\CompaniesTableTest.php, line 47
ReflectionMethod::invokeArgs() - [internal], line ??
PHPUnit\Framework\TestCase::runTest() - phar://C:/Program Files (x86)/Ampps/www/GestionStage/GestionStage/phpunit.phar/phpunit/Framework/TestCase.php, line 1071
PHPUnit\Framework\TestCase::runBare() - phar://C:/Program Files (x86)/Ampps/www/GestionStage/GestionStage/phpunit.phar/phpunit/Framework/TestCase.php, line 939
PHPUnit\Framework\TestResult::run() - phar://C:/Program Files (x86)/Ampps/www/GestionStage/GestionStage/phpunit.phar/phpunit/Framework/TestResult.php, line 698
PHPUnit\Framework\TestCase::run() - phar://C:/Program Files (x86)/Ampps/www/GestionStage/GestionStage/phpunit.phar/phpunit/Framework/TestCase.php, line 894
PHPUnit\Framework\TestSuite::run() - phar://C:/Program Files (x86)/Ampps/www/GestionStage/GestionStage/phpunit.phar/phpunit/Framework/TestSuite.php, line 755
PHPUnit\TextUI\TestRunner::doRun() - phar://C:/Program Files (x86)/Ampps/www/GestionStage/GestionStage/phpunit.phar/phpunit/TextUI/TestRunner.php, line 545
PHPUnit\TextUI\Command::run() - phar://C:/Program Files (x86)/Ampps/www/GestionStage/GestionStage/phpunit.phar/phpunit/TextUI/Command.php, line 195
PHPUnit\TextUI\Command::main() - phar://C:/Program Files (x86)/Ampps/www/GestionStage/GestionStage/phpunit.phar/phpunit/TextUI/Command.php, line 148
[main] - ROOT\phpunit.phar, line 570



2018-11-05 19:33:41 Notice: Notice (8): Use of undefined constant email - assumed 'email' in [C:\Program Files (x86)\Ampps\www\GestionStage\GestionStage\tests\TestCase\Model\Table\CompaniesTableTest.php, line 46]
Trace:
Cake\Error\BaseErrorHandler::handleError() - CORE\src\Error\BaseErrorHandler.php, line 159
App\Test\TestCase\Model\Table\CompaniesTableTest::testValidateEmailFail() - ROOT\tests\TestCase\Model\Table\CompaniesTableTest.php, line 46
ReflectionMethod::invokeArgs() - [internal], line ??
PHPUnit\Framework\TestCase::runTest() - phar://C:/Program Files (x86)/Ampps/www/GestionStage/GestionStage/phpunit.phar/phpunit/Framework/TestCase.php, line 1071
PHPUnit\Framework\TestCase::runBare() - phar://C:/Program Files (x86)/Ampps/www/GestionStage/GestionStage/phpunit.phar/phpunit/Framework/TestCase.php, line 939
PHPUnit\Framework\TestResult::run() - phar://C:/Program Files (x86)/Ampps/www/GestionStage/GestionStage/phpunit.phar/phpunit/Framework/TestResult.php, line 698
PHPUnit\Framework\TestCase::run() - phar://C:/Program Files (x86)/Ampps/www/GestionStage/GestionStage/phpunit.phar/phpunit/Framework/TestCase.php, line 894
PHPUnit\Framework\TestSuite::run() - phar://C:/Program Files (x86)/Ampps/www/GestionStage/GestionStage/phpunit.phar/phpunit/Framework/TestSuite.php, line 755
PHPUnit\TextUI\TestRunner::doRun() - phar://C:/Program Files (x86)/Ampps/www/GestionStage/GestionStage/phpunit.phar/phpunit/TextUI/TestRunner.php, line 545
PHPUnit\TextUI\Command::run() - phar://C:/Program Files (x86)/Ampps/www/GestionStage/GestionStage/phpunit.phar/phpunit/TextUI/Command.php, line 195
PHPUnit\TextUI\Command::main() - phar://C:/Program Files (x86)/Ampps/www/GestionStage/GestionStage/phpunit.phar/phpunit/TextUI/Command.php, line 148
[main] - ROOT\phpunit.phar, line 570



2018-11-05 20:50:04 Notice: Notice (8): Undefined property: App\Test\TestCase\Controller\UsersControllerTest::$Users in [C:\Program Files (x86)\Ampps\www\GestionStage\GestionStage\tests\TestCase\Controller\UsersControllerTest.php, line 70]
Request URL: /users/add
Trace:
Cake\Error\BaseErrorHandler::handleError() - CORE\src\Error\BaseErrorHandler.php, line 159
App\Test\TestCase\Controller\UsersControllerTest::testAdd() - ROOT\tests\TestCase\Controller\UsersControllerTest.php, line 70
ReflectionMethod::invokeArgs() - [internal], line ??
PHPUnit\Framework\TestCase::runTest() - phar://C:/Program Files (x86)/Ampps/www/GestionStage/GestionStage/phpunit.phar/phpunit/Framework/TestCase.php, line 1071
PHPUnit\Framework\TestCase::runBare() - phar://C:/Program Files (x86)/Ampps/www/GestionStage/GestionStage/phpunit.phar/phpunit/Framework/TestCase.php, line 939
PHPUnit\Framework\TestResult::run() - phar://C:/Program Files (x86)/Ampps/www/GestionStage/GestionStage/phpunit.phar/phpunit/Framework/TestResult.php, line 698
PHPUnit\Framework\TestCase::run() - phar://C:/Program Files (x86)/Ampps/www/GestionStage/GestionStage/phpunit.phar/phpunit/Framework/TestCase.php, line 894
PHPUnit\Framework\TestSuite::run() - phar://C:/Program Files (x86)/Ampps/www/GestionStage/GestionStage/phpunit.phar/phpunit/Framework/TestSuite.php, line 755
PHPUnit\TextUI\TestRunner::doRun() - phar://C:/Program Files (x86)/Ampps/www/GestionStage/GestionStage/phpunit.phar/phpunit/TextUI/TestRunner.php, line 545
PHPUnit\TextUI\Command::run() - phar://C:/Program Files (x86)/Ampps/www/GestionStage/GestionStage/phpunit.phar/phpunit/TextUI/Command.php, line 195
PHPUnit\TextUI\Command::main() - phar://C:/Program Files (x86)/Ampps/www/GestionStage/GestionStage/phpunit.phar/phpunit/TextUI/Command.php, line 148
[main] - ROOT\phpunit.phar, line 570



2018-11-05 20:58:21 Notice: Notice (8): Undefined property: App\Test\TestCase\Controller\CompaniesControllerTest::$Users in [C:\Program Files (x86)\Ampps\www\GestionStage\GestionStage\tests\TestCase\Controller\CompaniesControllerTest.php, line 81]
Request URL: /companies/add
Trace:
Cake\Error\BaseErrorHandler::handleError() - CORE\src\Error\BaseErrorHandler.php, line 159
App\Test\TestCase\Controller\CompaniesControllerTest::testAdd() - ROOT\tests\TestCase\Controller\CompaniesControllerTest.php, line 81
ReflectionMethod::invokeArgs() - [internal], line ??
PHPUnit\Framework\TestCase::runTest() - phar://C:/Program Files (x86)/Ampps/www/GestionStage/GestionStage/phpunit.phar/phpunit/Framework/TestCase.php, line 1071
PHPUnit\Framework\TestCase::runBare() - phar://C:/Program Files (x86)/Ampps/www/GestionStage/GestionStage/phpunit.phar/phpunit/Framework/TestCase.php, line 939
PHPUnit\Framework\TestResult::run() - phar://C:/Program Files (x86)/Ampps/www/GestionStage/GestionStage/phpunit.phar/phpunit/Framework/TestResult.php, line 698
PHPUnit\Framework\TestCase::run() - phar://C:/Program Files (x86)/Ampps/www/GestionStage/GestionStage/phpunit.phar/phpunit/Framework/TestCase.php, line 894
PHPUnit\Framework\TestSuite::run() - phar://C:/Program Files (x86)/Ampps/www/GestionStage/GestionStage/phpunit.phar/phpunit/Framework/TestSuite.php, line 755
PHPUnit\TextUI\TestRunner::doRun() - phar://C:/Program Files (x86)/Ampps/www/GestionStage/GestionStage/phpunit.phar/phpunit/TextUI/TestRunner.php, line 545
PHPUnit\TextUI\Command::run() - phar://C:/Program Files (x86)/Ampps/www/GestionStage/GestionStage/phpunit.phar/phpunit/TextUI/Command.php, line 195
PHPUnit\TextUI\Command::main() - phar://C:/Program Files (x86)/Ampps/www/GestionStage/GestionStage/phpunit.phar/phpunit/TextUI/Command.php, line 148
[main] - ROOT\phpunit.phar, line 570



